<?xml version="1.0" encoding="UTF-8"?>
<coverage generated="1721055643793" clover="3.2.0">
  <project timestamp="1721055643793" name="All files">
    <metrics statements="505" coveredstatements="456" conditionals="178" coveredconditionals="147" methods="85" coveredmethods="82" elements="768" coveredelements="685" complexity="0" loc="505" ncloc="505" packages="14" files="32" classes="32"/>
    <package name="package.src">
      <metrics statements="37" coveredstatements="31" conditionals="10" coveredconditionals="2" methods="5" coveredmethods="4"/>
      <file name="app.js" path="C:\Users\Dell\OneDrive\Desktop\CLg\SEM6\CCP555\Fragments\package\src\app.js">
        <metrics statements="26" coveredstatements="21" conditionals="6" coveredconditionals="0" methods="2" coveredmethods="1"/>
        <line num="3" count="5" type="stmt"/>
        <line num="4" count="5" type="stmt"/>
        <line num="5" count="5" type="stmt"/>
        <line num="6" count="5" type="stmt"/>
        <line num="8" count="5" type="stmt"/>
        <line num="9" count="5" type="stmt"/>
        <line num="14" count="5" type="stmt"/>
        <line num="15" count="5" type="stmt"/>
        <line num="16" count="5" type="stmt"/>
        <line num="19" count="5" type="stmt"/>
        <line num="22" count="5" type="stmt"/>
        <line num="25" count="5" type="stmt"/>
        <line num="28" count="5" type="stmt"/>
        <line num="31" count="5" type="stmt"/>
        <line num="34" count="5" type="stmt"/>
        <line num="35" count="5" type="stmt"/>
        <line num="40" count="5" type="stmt"/>
        <line num="43" count="5" type="stmt"/>
        <line num="44" count="1" type="stmt"/>
        <line num="49" count="5" type="stmt"/>
        <line num="52" count="0" type="cond" truecount="0" falsecount="2"/>
        <line num="53" count="0" type="cond" truecount="0" falsecount="2"/>
        <line num="56" count="0" type="cond" truecount="0" falsecount="2"/>
        <line num="57" count="0" type="stmt"/>
        <line num="60" count="0" type="stmt"/>
        <line num="64" count="5" type="stmt"/>
      </file>
      <file name="hash.js" path="C:\Users\Dell\OneDrive\Desktop\CLg\SEM6\CCP555\Fragments\package\src\hash.js">
        <metrics statements="3" coveredstatements="3" conditionals="0" coveredconditionals="0" methods="1" coveredmethods="1"/>
        <line num="16" count="6" type="stmt"/>
        <line num="22" count="6" type="stmt"/>
        <line num="23" count="6" type="stmt"/>
      </file>
      <file name="logger.js" path="C:\Users\Dell\OneDrive\Desktop\CLg\SEM6\CCP555\Fragments\package\src\logger.js">
        <metrics statements="4" coveredstatements="3" conditionals="4" coveredconditionals="2" methods="0" coveredmethods="0"/>
        <line num="4" count="6" type="cond" truecount="1" falsecount="1"/>
        <line num="7" count="6" type="cond" truecount="1" falsecount="1"/>
        <line num="9" count="0" type="stmt"/>
        <line num="19" count="6" type="stmt"/>
      </file>
      <file name="response.js" path="C:\Users\Dell\OneDrive\Desktop\CLg\SEM6\CCP555\Fragments\package\src\response.js">
        <metrics statements="4" coveredstatements="4" conditionals="0" coveredconditionals="0" methods="2" coveredmethods="2"/>
        <line num="11" count="6" type="stmt"/>
        <line num="12" count="7" type="stmt"/>
        <line num="31" count="6" type="stmt"/>
        <line num="32" count="9" type="stmt"/>
      </file>
    </package>
    <package name="package.src.auth">
      <metrics statements="28" coveredstatements="23" conditionals="14" coveredconditionals="9" methods="5" coveredmethods="5"/>
      <file name="auth-middleware.js" path="C:\Users\Dell\OneDrive\Desktop\CLg\SEM6\CCP555\Fragments\package\src\auth\auth-middleware.js">
        <metrics statements="15" coveredstatements="13" conditionals="4" coveredconditionals="3" methods="3" coveredmethods="3"/>
        <line num="1" count="5" type="stmt"/>
        <line num="3" count="5" type="stmt"/>
        <line num="4" count="5" type="stmt"/>
        <line num="5" count="5" type="stmt"/>
        <line num="11" count="5" type="stmt"/>
        <line num="12" count="5" type="stmt"/>
        <line num="21" count="9" type="cond" truecount="1" falsecount="1"/>
        <line num="22" count="0" type="stmt"/>
        <line num="23" count="0" type="stmt"/>
        <line num="27" count="9" type="cond" truecount="2" falsecount="0"/>
        <line num="28" count="6" type="stmt"/>
        <line num="32" count="3" type="stmt"/>
        <line num="33" count="3" type="stmt"/>
        <line num="36" count="3" type="stmt"/>
        <line num="41" count="9" type="stmt"/>
      </file>
      <file name="basic-auth.js" path="C:\Users\Dell\OneDrive\Desktop\CLg\SEM6\CCP555\Fragments\package\src\auth\basic-auth.js">
        <metrics statements="8" coveredstatements="7" conditionals="2" coveredconditionals="1" methods="2" coveredmethods="2"/>
        <line num="6" count="5" type="stmt"/>
        <line num="8" count="5" type="stmt"/>
        <line num="9" count="5" type="stmt"/>
        <line num="12" count="5" type="cond" truecount="1" falsecount="1"/>
        <line num="13" count="0" type="stmt"/>
        <line num="16" count="5" type="stmt"/>
        <line num="19" count="5" type="stmt"/>
        <line num="26" count="5" type="stmt"/>
      </file>
      <file name="index.js" path="C:\Users\Dell\OneDrive\Desktop\CLg\SEM6\CCP555\Fragments\package\src\auth\index.js">
        <metrics statements="5" coveredstatements="3" conditionals="8" coveredconditionals="5" methods="0" coveredmethods="0"/>
        <line num="4" count="5" type="cond" truecount="2" falsecount="2"/>
        <line num="5" count="0" type="stmt"/>
        <line num="8" count="5" type="cond" truecount="3" falsecount="1"/>
        <line num="9" count="5" type="stmt"/>
        <line num="13" count="0" type="stmt"/>
      </file>
    </package>
    <package name="package.src.model">
      <metrics statements="62" coveredstatements="52" conditionals="19" coveredconditionals="19" methods="12" coveredmethods="12"/>
      <file name="fragment.js" path="C:\Users\Dell\OneDrive\Desktop\CLg\SEM6\CCP555\Fragments\package\src\model\fragment.js">
        <metrics statements="62" coveredstatements="52" conditionals="19" coveredconditionals="19" methods="12" coveredmethods="12"/>
        <line num="1" count="6" type="stmt"/>
        <line num="2" count="6" type="stmt"/>
        <line num="10" count="6" type="stmt"/>
        <line num="11" count="6" type="stmt"/>
        <line num="22" count="33" type="cond" truecount="4" falsecount="0"/>
        <line num="23" count="3" type="stmt"/>
        <line num="24" count="3" type="stmt"/>
        <line num="26" count="30" type="cond" truecount="4" falsecount="0"/>
        <line num="27" count="2" type="stmt"/>
        <line num="28" count="2" type="stmt"/>
        <line num="30" count="28" type="cond" truecount="2" falsecount="0"/>
        <line num="31" count="1" type="stmt"/>
        <line num="32" count="1" type="stmt"/>
        <line num="35" count="27" type="stmt"/>
        <line num="36" count="27" type="stmt"/>
        <line num="37" count="27" type="stmt"/>
        <line num="38" count="27" type="stmt"/>
        <line num="39" count="27" type="stmt"/>
        <line num="40" count="27" type="stmt"/>
        <line num="44" count="3" type="stmt"/>
        <line num="45" count="3" type="stmt"/>
        <line num="46" count="3" type="cond" truecount="2" falsecount="0"/>
        <line num="47" count="2" type="stmt"/>
        <line num="49" count="1" type="stmt"/>
        <line num="50" count="1" type="stmt"/>
        <line num="53" count="0" type="stmt"/>
        <line num="56" count="0" type="stmt"/>
        <line num="61" count="5" type="stmt"/>
        <line num="62" count="5" type="stmt"/>
        <line num="63" count="5" type="stmt"/>
        <line num="65" count="1" type="stmt"/>
        <line num="66" count="1" type="stmt"/>
        <line num="71" count="1" type="stmt"/>
        <line num="72" count="1" type="stmt"/>
        <line num="74" count="0" type="stmt"/>
        <line num="75" count="0" type="stmt"/>
        <line num="80" count="16" type="stmt"/>
        <line num="81" count="16" type="stmt"/>
        <line num="82" count="16" type="stmt"/>
        <line num="84" count="0" type="stmt"/>
        <line num="85" count="0" type="stmt"/>
        <line num="90" count="1" type="stmt"/>
        <line num="91" count="1" type="stmt"/>
        <line num="93" count="0" type="stmt"/>
        <line num="96" count="0" type="stmt"/>
        <line num="101" count="9" type="cond" truecount="2" falsecount="0"/>
        <line num="102" count="1" type="stmt"/>
        <line num="103" count="1" type="stmt"/>
        <line num="105" count="8" type="stmt"/>
        <line num="106" count="8" type="stmt"/>
        <line num="107" count="8" type="stmt"/>
        <line num="108" count="8" type="stmt"/>
        <line num="109" count="8" type="stmt"/>
        <line num="111" count="0" type="stmt"/>
        <line num="114" count="0" type="stmt"/>
        <line num="119" count="4" type="stmt"/>
        <line num="120" count="4" type="stmt"/>
        <line num="124" count="1" type="stmt"/>
        <line num="128" count="1" type="stmt"/>
        <line num="132" count="39" type="stmt"/>
        <line num="133" count="39" type="stmt"/>
        <line num="137" count="6" type="stmt"/>
      </file>
    </package>
    <package name="package.src.model.data">
      <metrics statements="1" coveredstatements="1" conditionals="0" coveredconditionals="0" methods="0" coveredmethods="0"/>
      <file name="index.js" path="C:\Users\Dell\OneDrive\Desktop\CLg\SEM6\CCP555\Fragments\package\src\model\data\index.js">
        <metrics statements="1" coveredstatements="1" conditionals="0" coveredconditionals="0" methods="0" coveredmethods="0"/>
        <line num="1" count="6" type="stmt"/>
      </file>
    </package>
    <package name="package.src.model.data.memory">
      <metrics statements="39" coveredstatements="39" conditionals="27" coveredconditionals="26" methods="13" coveredmethods="13"/>
      <file name="index.js" path="C:\Users\Dell\OneDrive\Desktop\CLg\SEM6\CCP555\Fragments\package\src\model\data\memory\index.js">
        <metrics statements="13" coveredstatements="13" conditionals="5" coveredconditionals="4" methods="7" coveredmethods="7"/>
        <line num="1" count="7" type="stmt"/>
        <line num="4" count="7" type="stmt"/>
        <line num="5" count="7" type="stmt"/>
        <line num="9" count="18" type="stmt"/>
        <line num="14" count="7" type="stmt"/>
        <line num="19" count="10" type="stmt"/>
        <line num="24" count="3" type="stmt"/>
        <line num="29" count="3" type="stmt"/>
        <line num="32" count="3" type="cond" truecount="4" falsecount="0"/>
        <line num="33" count="1" type="stmt"/>
        <line num="37" count="2" type="stmt"/>
        <line num="42" count="1" type="stmt"/>
        <line num="51" count="7" type="stmt"/>
      </file>
      <file name="memory-db.js" path="C:\Users\Dell\OneDrive\Desktop\CLg\SEM6\CCP555\Fragments\package\src\model\data\memory\memory-db.js">
        <metrics statements="26" coveredstatements="26" conditionals="22" coveredconditionals="22" methods="6" coveredmethods="6"/>
        <line num="1" count="140" type="stmt"/>
        <line num="6" count="26" type="stmt"/>
        <line num="16" count="22" type="cond" truecount="4" falsecount="0"/>
        <line num="17" count="3" type="stmt"/>
        <line num="22" count="19" type="stmt"/>
        <line num="23" count="19" type="cond" truecount="2" falsecount="0"/>
        <line num="24" count="19" type="stmt"/>
        <line num="34" count="42" type="cond" truecount="4" falsecount="0"/>
        <line num="35" count="3" type="stmt"/>
        <line num="40" count="39" type="stmt"/>
        <line num="42" count="39" type="cond" truecount="2" falsecount="0"/>
        <line num="44" count="39" type="stmt"/>
        <line num="45" count="39" type="stmt"/>
        <line num="55" count="7" type="cond" truecount="2" falsecount="0"/>
        <line num="56" count="2" type="stmt"/>
        <line num="62" count="5" type="stmt"/>
        <line num="63" count="5" type="cond" truecount="2" falsecount="0"/>
        <line num="64" count="5" type="stmt"/>
        <line num="74" count="7" type="cond" truecount="4" falsecount="0"/>
        <line num="75" count="3" type="stmt"/>
        <line num="81" count="4" type="cond" truecount="2" falsecount="0"/>
        <line num="82" count="1" type="stmt"/>
        <line num="87" count="3" type="stmt"/>
        <line num="88" count="3" type="stmt"/>
        <line num="89" count="3" type="stmt"/>
        <line num="93" count="8" type="stmt"/>
      </file>
    </package>
    <package name="package.src.routes">
      <metrics statements="11" coveredstatements="11" conditionals="0" coveredconditionals="0" methods="1" coveredmethods="1"/>
      <file name="index.js" path="C:\Users\Dell\OneDrive\Desktop\CLg\SEM6\CCP555\Fragments\package\src\routes\index.js">
        <metrics statements="11" coveredstatements="11" conditionals="0" coveredconditionals="0" methods="1" coveredmethods="1"/>
        <line num="3" count="5" type="stmt"/>
        <line num="6" count="5" type="stmt"/>
        <line num="9" count="5" type="stmt"/>
        <line num="12" count="5" type="stmt"/>
        <line num="13" count="5" type="stmt"/>
        <line num="18" count="5" type="stmt"/>
        <line num="26" count="5" type="stmt"/>
        <line num="29" count="4" type="stmt"/>
        <line num="32" count="4" type="stmt"/>
        <line num="39" count="4" type="stmt"/>
        <line num="42" count="5" type="stmt"/>
      </file>
    </package>
    <package name="package.src.routes.api">
      <metrics statements="35" coveredstatements="35" conditionals="4" coveredconditionals="4" methods="4" coveredmethods="4"/>
      <file name="get.js" path="C:\Users\Dell\OneDrive\Desktop\CLg\SEM6\CCP555\Fragments\package\src\routes\api\get.js">
        <metrics statements="4" coveredstatements="4" conditionals="0" coveredconditionals="0" methods="1" coveredmethods="1"/>
        <line num="3" count="5" type="stmt"/>
        <line num="8" count="5" type="stmt"/>
        <line num="9" count="1" type="stmt"/>
        <line num="13" count="1" type="stmt"/>
      </file>
      <file name="index.js" path="C:\Users\Dell\OneDrive\Desktop\CLg\SEM6\CCP555\Fragments\package\src\routes\api\index.js">
        <metrics statements="11" coveredstatements="11" conditionals="0" coveredconditionals="0" methods="2" coveredmethods="2"/>
        <line num="6" count="5" type="stmt"/>
        <line num="7" count="5" type="stmt"/>
        <line num="8" count="5" type="stmt"/>
        <line num="11" count="5" type="stmt"/>
        <line num="14" count="5" type="stmt"/>
        <line num="17" count="5" type="stmt"/>
        <line num="18" count="5" type="stmt"/>
        <line num="25" count="2" type="stmt"/>
        <line num="26" count="2" type="stmt"/>
        <line num="32" count="5" type="stmt"/>
        <line num="34" count="5" type="stmt"/>
      </file>
      <file name="post.js" path="C:\Users\Dell\OneDrive\Desktop\CLg\SEM6\CCP555\Fragments\package\src\routes\api\post.js">
        <metrics statements="20" coveredstatements="20" conditionals="4" coveredconditionals="4" methods="1" coveredmethods="1"/>
        <line num="1" count="5" type="stmt"/>
        <line num="2" count="5" type="stmt"/>
        <line num="3" count="5" type="stmt"/>
        <line num="4" count="5" type="stmt"/>
        <line num="6" count="5" type="stmt"/>
        <line num="7" count="2" type="stmt"/>
        <line num="8" count="2" type="stmt"/>
        <line num="9" count="2" type="cond" truecount="2" falsecount="0"/>
        <line num="10" count="1" type="stmt"/>
        <line num="11" count="1" type="stmt"/>
        <line num="14" count="1" type="stmt"/>
        <line num="20" count="1" type="stmt"/>
        <line num="21" count="1" type="stmt"/>
        <line num="23" count="1" type="cond" truecount="2" falsecount="0"/>
        <line num="24" count="1" type="stmt"/>
        <line num="28" count="1" type="stmt"/>
        <line num="29" count="1" type="stmt"/>
        <line num="34" count="1" type="stmt"/>
        <line num="35" count="1" type="stmt"/>
        <line num="36" count="1" type="stmt"/>
      </file>
    </package>
    <package name="src">
      <metrics statements="37" coveredstatements="31" conditionals="10" coveredconditionals="2" methods="5" coveredmethods="4"/>
      <file name="app.js" path="C:\Users\Dell\OneDrive\Desktop\CLg\SEM6\CCP555\Fragments\src\app.js">
        <metrics statements="26" coveredstatements="21" conditionals="6" coveredconditionals="0" methods="2" coveredmethods="1"/>
        <line num="3" count="6" type="stmt"/>
        <line num="4" count="6" type="stmt"/>
        <line num="5" count="6" type="stmt"/>
        <line num="6" count="6" type="stmt"/>
        <line num="8" count="6" type="stmt"/>
        <line num="9" count="6" type="stmt"/>
        <line num="14" count="6" type="stmt"/>
        <line num="15" count="6" type="stmt"/>
        <line num="16" count="6" type="stmt"/>
        <line num="19" count="6" type="stmt"/>
        <line num="22" count="6" type="stmt"/>
        <line num="25" count="6" type="stmt"/>
        <line num="28" count="6" type="stmt"/>
        <line num="31" count="6" type="stmt"/>
        <line num="34" count="6" type="stmt"/>
        <line num="35" count="6" type="stmt"/>
        <line num="40" count="6" type="stmt"/>
        <line num="43" count="6" type="stmt"/>
        <line num="44" count="1" type="stmt"/>
        <line num="49" count="6" type="stmt"/>
        <line num="52" count="0" type="cond" truecount="0" falsecount="2"/>
        <line num="53" count="0" type="cond" truecount="0" falsecount="2"/>
        <line num="56" count="0" type="cond" truecount="0" falsecount="2"/>
        <line num="57" count="0" type="stmt"/>
        <line num="60" count="0" type="stmt"/>
        <line num="64" count="6" type="stmt"/>
      </file>
      <file name="hash.js" path="C:\Users\Dell\OneDrive\Desktop\CLg\SEM6\CCP555\Fragments\src\hash.js">
        <metrics statements="3" coveredstatements="3" conditionals="0" coveredconditionals="0" methods="1" coveredmethods="1"/>
        <line num="16" count="7" type="stmt"/>
        <line num="22" count="7" type="stmt"/>
        <line num="23" count="29" type="stmt"/>
      </file>
      <file name="logger.js" path="C:\Users\Dell\OneDrive\Desktop\CLg\SEM6\CCP555\Fragments\src\logger.js">
        <metrics statements="4" coveredstatements="3" conditionals="4" coveredconditionals="2" methods="0" coveredmethods="0"/>
        <line num="4" count="7" type="cond" truecount="1" falsecount="1"/>
        <line num="7" count="7" type="cond" truecount="1" falsecount="1"/>
        <line num="9" count="0" type="stmt"/>
        <line num="19" count="7" type="stmt"/>
      </file>
      <file name="response.js" path="C:\Users\Dell\OneDrive\Desktop\CLg\SEM6\CCP555\Fragments\src\response.js">
        <metrics statements="4" coveredstatements="4" conditionals="0" coveredconditionals="0" methods="2" coveredmethods="2"/>
        <line num="11" count="7" type="stmt"/>
        <line num="12" count="9" type="stmt"/>
        <line num="31" count="7" type="stmt"/>
        <line num="32" count="15" type="stmt"/>
      </file>
    </package>
    <package name="src.auth">
      <metrics statements="38" coveredstatements="33" conditionals="18" coveredconditionals="13" methods="5" coveredmethods="5"/>
      <file name="auth-middleware.js" path="C:\Users\Dell\OneDrive\Desktop\CLg\SEM6\CCP555\Fragments\src\auth\auth-middleware.js">
        <metrics statements="23" coveredstatements="21" conditionals="8" coveredconditionals="7" methods="3" coveredmethods="3"/>
        <line num="1" count="6" type="stmt"/>
        <line num="3" count="6" type="stmt"/>
        <line num="4" count="6" type="stmt"/>
        <line num="5" count="6" type="stmt"/>
        <line num="11" count="6" type="stmt"/>
        <line num="12" count="12" type="stmt"/>
        <line num="22" count="34" type="cond" truecount="1" falsecount="1"/>
        <line num="23" count="0" type="stmt"/>
        <line num="24" count="0" type="stmt"/>
        <line num="27" count="34" type="stmt"/>
        <line num="28" count="34" type="stmt"/>
        <line num="29" count="34" type="stmt"/>
        <line num="30" count="34" type="cond" truecount="2" falsecount="0"/>
        <line num="31" count="34" type="cond" truecount="2" falsecount="0"/>
        <line num="32" count="34" type="stmt"/>
        <line num="36" count="34" type="stmt"/>
        <line num="41" count="34" type="cond" truecount="2" falsecount="0"/>
        <line num="42" count="8" type="stmt"/>
        <line num="43" count="8" type="stmt"/>
        <line num="47" count="26" type="stmt"/>
        <line num="48" count="26" type="stmt"/>
        <line num="51" count="26" type="stmt"/>
        <line num="56" count="34" type="stmt"/>
      </file>
      <file name="basic-auth.js" path="C:\Users\Dell\OneDrive\Desktop\CLg\SEM6\CCP555\Fragments\src\auth\basic-auth.js">
        <metrics statements="10" coveredstatements="9" conditionals="2" coveredconditionals="1" methods="2" coveredmethods="2"/>
        <line num="6" count="6" type="stmt"/>
        <line num="8" count="6" type="stmt"/>
        <line num="9" count="6" type="stmt"/>
        <line num="10" count="6" type="stmt"/>
        <line num="11" count="6" type="stmt"/>
        <line num="13" count="6" type="cond" truecount="1" falsecount="1"/>
        <line num="14" count="0" type="stmt"/>
        <line num="17" count="6" type="stmt"/>
        <line num="20" count="6" type="stmt"/>
        <line num="27" count="12" type="stmt"/>
      </file>
      <file name="index.js" path="C:\Users\Dell\OneDrive\Desktop\CLg\SEM6\CCP555\Fragments\src\auth\index.js">
        <metrics statements="5" coveredstatements="3" conditionals="8" coveredconditionals="5" methods="0" coveredmethods="0"/>
        <line num="4" count="6" type="cond" truecount="2" falsecount="2"/>
        <line num="5" count="0" type="stmt"/>
        <line num="8" count="6" type="cond" truecount="3" falsecount="1"/>
        <line num="9" count="6" type="stmt"/>
        <line num="13" count="0" type="stmt"/>
      </file>
    </package>
    <package name="src.model">
      <metrics statements="64" coveredstatements="54" conditionals="23" coveredconditionals="23" methods="12" coveredmethods="12"/>
      <file name="fragment.js" path="C:\Users\Dell\OneDrive\Desktop\CLg\SEM6\CCP555\Fragments\src\model\fragment.js">
        <metrics statements="64" coveredstatements="54" conditionals="23" coveredconditionals="23" methods="12" coveredmethods="12"/>
        <line num="1" count="7" type="stmt"/>
        <line num="2" count="7" type="stmt"/>
        <line num="10" count="7" type="stmt"/>
        <line num="11" count="7" type="stmt"/>
        <line num="22" count="34" type="cond" truecount="4" falsecount="0"/>
        <line num="23" count="3" type="stmt"/>
        <line num="24" count="3" type="stmt"/>
        <line num="26" count="31" type="cond" truecount="4" falsecount="0"/>
        <line num="27" count="2" type="stmt"/>
        <line num="28" count="2" type="stmt"/>
        <line num="30" count="29" type="cond" truecount="2" falsecount="0"/>
        <line num="31" count="1" type="stmt"/>
        <line num="32" count="1" type="stmt"/>
        <line num="35" count="28" type="stmt"/>
        <line num="36" count="28" type="stmt"/>
        <line num="37" count="28" type="stmt"/>
        <line num="38" count="28" type="stmt"/>
        <line num="39" count="28" type="stmt"/>
        <line num="40" count="28" type="stmt"/>
        <line num="61" count="4" type="stmt"/>
        <line num="62" count="4" type="stmt"/>
        <line num="63" count="4" type="cond" truecount="2" falsecount="0"/>
        <line num="64" count="2" type="stmt"/>
        <line num="66" count="2" type="cond" truecount="2" falsecount="0"/>
        <line num="67" count="1" type="stmt"/>
        <line num="69" count="1" type="stmt"/>
        <line num="71" count="0" type="stmt"/>
        <line num="74" count="0" type="stmt"/>
        <line num="79" count="5" type="stmt"/>
        <line num="80" count="5" type="stmt"/>
        <line num="81" count="5" type="stmt"/>
        <line num="83" count="1" type="stmt"/>
        <line num="84" count="1" type="stmt"/>
        <line num="89" count="1" type="stmt"/>
        <line num="90" count="1" type="stmt"/>
        <line num="92" count="0" type="stmt"/>
        <line num="93" count="0" type="stmt"/>
        <line num="98" count="18" type="stmt"/>
        <line num="99" count="18" type="stmt"/>
        <line num="100" count="18" type="stmt"/>
        <line num="102" count="0" type="stmt"/>
        <line num="103" count="0" type="stmt"/>
        <line num="108" count="1" type="stmt"/>
        <line num="109" count="1" type="stmt"/>
        <line num="111" count="0" type="stmt"/>
        <line num="114" count="0" type="stmt"/>
        <line num="119" count="10" type="cond" truecount="2" falsecount="0"/>
        <line num="120" count="1" type="stmt"/>
        <line num="121" count="1" type="stmt"/>
        <line num="123" count="9" type="stmt"/>
        <line num="124" count="9" type="stmt"/>
        <line num="125" count="9" type="stmt"/>
        <line num="126" count="9" type="stmt"/>
        <line num="127" count="9" type="stmt"/>
        <line num="129" count="0" type="stmt"/>
        <line num="132" count="0" type="stmt"/>
        <line num="137" count="4" type="stmt"/>
        <line num="138" count="4" type="stmt"/>
        <line num="142" count="1" type="stmt"/>
        <line num="146" count="1" type="stmt"/>
        <line num="150" count="44" type="stmt"/>
        <line num="151" count="44" type="stmt"/>
        <line num="152" count="44" type="cond" truecount="2" falsecount="0"/>
        <line num="156" count="7" type="stmt"/>
      </file>
    </package>
    <package name="src.model.data">
      <metrics statements="1" coveredstatements="1" conditionals="0" coveredconditionals="0" methods="0" coveredmethods="0"/>
      <file name="index.js" path="C:\Users\Dell\OneDrive\Desktop\CLg\SEM6\CCP555\Fragments\src\model\data\index.js">
        <metrics statements="1" coveredstatements="1" conditionals="0" coveredconditionals="0" methods="0" coveredmethods="0"/>
        <line num="1" count="7" type="stmt"/>
      </file>
    </package>
    <package name="src.model.data.memory">
      <metrics statements="43" coveredstatements="43" conditionals="29" coveredconditionals="28" methods="15" coveredmethods="15"/>
      <file name="index.js" path="C:\Users\Dell\OneDrive\Desktop\CLg\SEM6\CCP555\Fragments\src\model\data\memory\index.js">
        <metrics statements="17" coveredstatements="17" conditionals="7" coveredconditionals="6" methods="9" coveredmethods="9"/>
        <line num="1" count="8" type="stmt"/>
        <line num="4" count="8" type="stmt"/>
        <line num="5" count="8" type="stmt"/>
        <line num="9" count="20" type="stmt"/>
        <line num="14" count="7" type="stmt"/>
        <line num="19" count="11" type="stmt"/>
        <line num="24" count="3" type="stmt"/>
        <line num="41" count="4" type="stmt"/>
        <line num="43" count="4" type="cond" truecount="4" falsecount="0"/>
        <line num="44" count="2" type="stmt"/>
        <line num="47" count="2" type="cond" truecount="2" falsecount="0"/>
        <line num="48" count="1" type="stmt"/>
        <line num="52" count="1" type="stmt"/>
        <line num="53" count="1" type="stmt"/>
        <line num="54" count="1" type="stmt"/>
        <line num="59" count="1" type="stmt"/>
        <line num="67" count="8" type="stmt"/>
      </file>
      <file name="memory-db.js" path="C:\Users\Dell\OneDrive\Desktop\CLg\SEM6\CCP555\Fragments\src\model\data\memory\memory-db.js">
        <metrics statements="26" coveredstatements="26" conditionals="22" coveredconditionals="22" methods="6" coveredmethods="6"/>
        <line num="1" count="147" type="stmt"/>
        <line num="6" count="28" type="stmt"/>
        <line num="16" count="22" type="cond" truecount="4" falsecount="0"/>
        <line num="17" count="3" type="stmt"/>
        <line num="22" count="19" type="stmt"/>
        <line num="23" count="19" type="cond" truecount="2" falsecount="0"/>
        <line num="24" count="19" type="stmt"/>
        <line num="34" count="45" type="cond" truecount="4" falsecount="0"/>
        <line num="35" count="3" type="stmt"/>
        <line num="40" count="42" type="stmt"/>
        <line num="42" count="42" type="cond" truecount="2" falsecount="0"/>
        <line num="44" count="42" type="stmt"/>
        <line num="45" count="42" type="stmt"/>
        <line num="55" count="8" type="cond" truecount="2" falsecount="0"/>
        <line num="56" count="2" type="stmt"/>
        <line num="62" count="6" type="stmt"/>
        <line num="63" count="6" type="cond" truecount="2" falsecount="0"/>
        <line num="64" count="6" type="stmt"/>
        <line num="74" count="7" type="cond" truecount="4" falsecount="0"/>
        <line num="75" count="3" type="stmt"/>
        <line num="81" count="4" type="cond" truecount="2" falsecount="0"/>
        <line num="82" count="1" type="stmt"/>
        <line num="87" count="3" type="stmt"/>
        <line num="88" count="3" type="stmt"/>
        <line num="89" count="3" type="stmt"/>
        <line num="93" count="9" type="stmt"/>
      </file>
    </package>
    <package name="src.routes">
      <metrics statements="11" coveredstatements="11" conditionals="0" coveredconditionals="0" methods="1" coveredmethods="1"/>
      <file name="index.js" path="C:\Users\Dell\OneDrive\Desktop\CLg\SEM6\CCP555\Fragments\src\routes\index.js">
        <metrics statements="11" coveredstatements="11" conditionals="0" coveredconditionals="0" methods="1" coveredmethods="1"/>
        <line num="3" count="6" type="stmt"/>
        <line num="6" count="6" type="stmt"/>
        <line num="9" count="6" type="stmt"/>
        <line num="12" count="6" type="stmt"/>
        <line num="13" count="6" type="stmt"/>
        <line num="18" count="6" type="stmt"/>
        <line num="26" count="6" type="stmt"/>
        <line num="29" count="4" type="stmt"/>
        <line num="32" count="4" type="stmt"/>
        <line num="39" count="4" type="stmt"/>
        <line num="42" count="6" type="stmt"/>
      </file>
    </package>
    <package name="src.routes.api">
      <metrics statements="98" coveredstatements="91" conditionals="24" coveredconditionals="21" methods="7" coveredmethods="6"/>
      <file name="get.js" path="C:\Users\Dell\OneDrive\Desktop\CLg\SEM6\CCP555\Fragments\src\routes\api\get.js">
        <metrics statements="11" coveredstatements="10" conditionals="2" coveredconditionals="2" methods="2" coveredmethods="1"/>
        <line num="18" count="6" type="stmt"/>
        <line num="22" count="6" type="stmt"/>
        <line num="24" count="6" type="stmt"/>
        <line num="25" count="2" type="stmt"/>
        <line num="26" count="2" type="stmt"/>
        <line num="28" count="2" type="stmt"/>
        <line num="29" count="2" type="stmt"/>
        <line num="31" count="2" type="cond" truecount="2" falsecount="0"/>
        <line num="32" count="1" type="stmt"/>
        <line num="35" count="2" type="stmt"/>
        <line num="41" count="0" type="stmt"/>
      </file>
      <file name="getById.js" path="C:\Users\Dell\OneDrive\Desktop\CLg\SEM6\CCP555\Fragments\src\routes\api\getById.js">
        <metrics statements="29" coveredstatements="26" conditionals="12" coveredconditionals="10" methods="1" coveredmethods="1"/>
        <line num="2" count="6" type="stmt"/>
        <line num="3" count="6" type="stmt"/>
        <line num="4" count="6" type="stmt"/>
        <line num="5" count="6" type="stmt"/>
        <line num="6" count="6" type="stmt"/>
        <line num="8" count="6" type="stmt"/>
        <line num="9" count="5" type="stmt"/>
        <line num="10" count="5" type="stmt"/>
        <line num="11" count="5" type="stmt"/>
        <line num="13" count="5" type="stmt"/>
        <line num="15" count="5" type="cond" truecount="2" falsecount="0"/>
        <line num="16" count="1" type="stmt"/>
        <line num="21" count="4" type="stmt"/>
        <line num="22" count="4" type="stmt"/>
        <line num="25" count="4" type="stmt"/>
        <line num="26" count="4" type="cond" truecount="2" falsecount="0"/>
        <line num="27" count="2" type="stmt"/>
        <line num="28" count="2" type="stmt"/>
        <line num="30" count="2" type="cond" truecount="1" falsecount="1"/>
        <line num="31" count="0" type="stmt"/>
        <line num="37" count="2" type="cond" truecount="2" falsecount="0"/>
        <line num="41" count="1" type="stmt"/>
        <line num="42" count="1" type="stmt"/>
        <line num="43" count="1" type="cond" truecount="1" falsecount="1"/>
        <line num="44" count="1" type="stmt"/>
        <line num="50" count="3" type="stmt"/>
        <line num="51" count="3" type="stmt"/>
        <line num="53" count="0" type="stmt"/>
        <line num="54" count="0" type="stmt"/>
      </file>
      <file name="getFragmentInfo.js" path="C:\Users\Dell\OneDrive\Desktop\CLg\SEM6\CCP555\Fragments\src\routes\api\getFragmentInfo.js">
        <metrics statements="14" coveredstatements="12" conditionals="2" coveredconditionals="2" methods="1" coveredmethods="1"/>
        <line num="1" count="6" type="stmt"/>
        <line num="2" count="6" type="stmt"/>
        <line num="6" count="6" type="stmt"/>
        <line num="8" count="6" type="stmt"/>
        <line num="9" count="2" type="stmt"/>
        <line num="10" count="2" type="stmt"/>
        <line num="11" count="2" type="stmt"/>
        <line num="13" count="2" type="stmt"/>
        <line num="15" count="2" type="cond" truecount="2" falsecount="0"/>
        <line num="16" count="1" type="stmt"/>
        <line num="21" count="1" type="stmt"/>
        <line num="30" count="1" type="stmt"/>
        <line num="32" count="0" type="stmt"/>
        <line num="33" count="0" type="stmt"/>
      </file>
      <file name="index.js" path="C:\Users\Dell\OneDrive\Desktop\CLg\SEM6\CCP555\Fragments\src\routes\api\index.js">
        <metrics statements="16" coveredstatements="16" conditionals="0" coveredconditionals="0" methods="2" coveredmethods="2"/>
        <line num="6" count="6" type="stmt"/>
        <line num="7" count="6" type="stmt"/>
        <line num="8" count="6" type="stmt"/>
        <line num="9" count="6" type="stmt"/>
        <line num="12" count="6" type="stmt"/>
        <line num="15" count="6" type="stmt"/>
        <line num="18" count="6" type="stmt"/>
        <line num="19" count="6" type="stmt"/>
        <line num="20" count="6" type="stmt"/>
        <line num="21" count="6" type="stmt"/>
        <line num="24" count="6" type="stmt"/>
        <line num="25" count="6" type="stmt"/>
        <line num="32" count="4" type="stmt"/>
        <line num="33" count="4" type="stmt"/>
        <line num="39" count="6" type="stmt"/>
        <line num="41" count="6" type="stmt"/>
      </file>
      <file name="post.js" path="C:\Users\Dell\OneDrive\Desktop\CLg\SEM6\CCP555\Fragments\src\routes\api\post.js">
        <metrics statements="28" coveredstatements="27" conditionals="8" coveredconditionals="7" methods="1" coveredmethods="1"/>
        <line num="1" count="6" type="stmt"/>
        <line num="2" count="6" type="stmt"/>
        <line num="3" count="6" type="stmt"/>
        <line num="4" count="6" type="stmt"/>
        <line num="6" count="6" type="stmt"/>
        <line num="7" count="4" type="stmt"/>
        <line num="8" count="4" type="stmt"/>
        <line num="9" count="4" type="cond" truecount="2" falsecount="0"/>
        <line num="10" count="1" type="stmt"/>
        <line num="11" count="1" type="stmt"/>
        <line num="14" count="3" type="cond" truecount="1" falsecount="1"/>
        <line num="15" count="0" type="stmt"/>
        <line num="18" count="3" type="cond" truecount="2" falsecount="0"/>
        <line num="19" count="1" type="stmt"/>
        <line num="23" count="2" type="stmt"/>
        <line num="26" count="2" type="stmt"/>
        <line num="28" count="2" type="stmt"/>
        <line num="33" count="2" type="stmt"/>
        <line num="43" count="2" type="stmt"/>
        <line num="49" count="2" type="stmt"/>
        <line num="50" count="2" type="stmt"/>
        <line num="52" count="2" type="cond" truecount="2" falsecount="0"/>
        <line num="53" count="2" type="stmt"/>
        <line num="57" count="2" type="stmt"/>
        <line num="58" count="2" type="stmt"/>
        <line num="63" count="2" type="stmt"/>
        <line num="64" count="2" type="stmt"/>
        <line num="65" count="2" type="stmt"/>
      </file>
    </package>
  </project>
</coverage>
