{"C:\\Users\\Dell\\OneDrive\\Desktop\\CLg\\SEM6\\CCP555\\Fragments\\package\\src\\app.js": {"path":"C:\\Users\\Dell\\OneDrive\\Desktop\\CLg\\SEM6\\CCP555\\Fragments\\package\\src\\app.js","statementMap":{"0":{"start":{"line":3,"column":16},"end":{"line":3,"column":34}},"1":{"start":{"line":4,"column":13},"end":{"line":4,"column":28}},"2":{"start":{"line":5,"column":15},"end":{"line":5,"column":32}},"3":{"start":{"line":6,"column":20},"end":{"line":6,"column":42}},"4":{"start":{"line":8,"column":15},"end":{"line":8,"column":34}},"5":{"start":{"line":9,"column":13},"end":{"line":12,"column":2}},"6":{"start":{"line":14,"column":17},"end":{"line":14,"column":36}},"7":{"start":{"line":15,"column":21},"end":{"line":15,"column":38}},"8":{"start":{"line":16,"column":32},"end":{"line":16,"column":53}},"9":{"start":{"line":19,"column":12},"end":{"line":19,"column":21}},"10":{"start":{"line":22,"column":0},"end":{"line":22,"column":14}},"11":{"start":{"line":25,"column":0},"end":{"line":25,"column":18}},"12":{"start":{"line":28,"column":0},"end":{"line":28,"column":16}},"13":{"start":{"line":31,"column":0},"end":{"line":31,"column":23}},"14":{"start":{"line":34,"column":0},"end":{"line":34,"column":38}},"15":{"start":{"line":35,"column":0},"end":{"line":35,"column":31}},"16":{"start":{"line":40,"column":0},"end":{"line":40,"column":34}},"17":{"start":{"line":43,"column":0},"end":{"line":45,"column":3}},"18":{"start":{"line":44,"column":2},"end":{"line":44,"column":62}},"19":{"start":{"line":49,"column":0},"end":{"line":61,"column":3}},"20":{"start":{"line":52,"column":17},"end":{"line":52,"column":34}},"21":{"start":{"line":53,"column":18},"end":{"line":53,"column":60}},"22":{"start":{"line":56,"column":2},"end":{"line":58,"column":3}},"23":{"start":{"line":57,"column":4},"end":{"line":57,"column":54}},"24":{"start":{"line":60,"column":2},"end":{"line":60,"column":61}},"25":{"start":{"line":64,"column":0},"end":{"line":64,"column":21}}},"fnMap":{"0":{"name":"(anonymous_0)","decl":{"start":{"line":43,"column":8},"end":{"line":43,"column":9}},"loc":{"start":{"line":43,"column":22},"end":{"line":45,"column":1}},"line":43},"1":{"name":"(anonymous_1)","decl":{"start":{"line":49,"column":8},"end":{"line":49,"column":9}},"loc":{"start":{"line":49,"column":33},"end":{"line":61,"column":1}},"line":49}},"branchMap":{"0":{"loc":{"start":{"line":52,"column":17},"end":{"line":52,"column":34}},"type":"binary-expr","locations":[{"start":{"line":52,"column":17},"end":{"line":52,"column":27}},{"start":{"line":52,"column":31},"end":{"line":52,"column":34}}],"line":52},"1":{"loc":{"start":{"line":53,"column":18},"end":{"line":53,"column":60}},"type":"binary-expr","locations":[{"start":{"line":53,"column":18},"end":{"line":53,"column":29}},{"start":{"line":53,"column":33},"end":{"line":53,"column":60}}],"line":53},"2":{"loc":{"start":{"line":56,"column":2},"end":{"line":58,"column":3}},"type":"if","locations":[{"start":{"line":56,"column":2},"end":{"line":58,"column":3}},{"start":{},"end":{}}],"line":56}},"s":{"0":5,"1":5,"2":5,"3":5,"4":5,"5":5,"6":5,"7":5,"8":5,"9":5,"10":5,"11":5,"12":5,"13":5,"14":5,"15":5,"16":5,"17":5,"18":1,"19":5,"20":0,"21":0,"22":0,"23":0,"24":0,"25":5},"f":{"0":1,"1":0},"b":{"0":[0,0],"1":[0,0],"2":[0,0]},"_coverageSchema":"1a1c01bbd47fc00a2c39e90264f33305004495a9","hash":"2cfeb57f92d438762580d401c95347686af27733"}
,"C:\\Users\\Dell\\OneDrive\\Desktop\\CLg\\SEM6\\CCP555\\Fragments\\package\\src\\hash.js": {"path":"C:\\Users\\Dell\\OneDrive\\Desktop\\CLg\\SEM6\\CCP555\\Fragments\\package\\src\\hash.js","statementMap":{"0":{"start":{"line":16,"column":15},"end":{"line":16,"column":32}},"1":{"start":{"line":22,"column":0},"end":{"line":23,"column":58}},"2":{"start":{"line":23,"column":2},"end":{"line":23,"column":57}}},"fnMap":{"0":{"name":"(anonymous_0)","decl":{"start":{"line":22,"column":17},"end":{"line":22,"column":18}},"loc":{"start":{"line":23,"column":2},"end":{"line":23,"column":57}},"line":23}},"branchMap":{},"s":{"0":6,"1":6,"2":6},"f":{"0":6},"b":{},"_coverageSchema":"1a1c01bbd47fc00a2c39e90264f33305004495a9","hash":"1cc6512b4a75e4ef18721601754bf93eadc2d5ab"}
,"C:\\Users\\Dell\\OneDrive\\Desktop\\CLg\\SEM6\\CCP555\\Fragments\\package\\src\\logger.js": {"path":"C:\\Users\\Dell\\OneDrive\\Desktop\\CLg\\SEM6\\CCP555\\Fragments\\package\\src\\logger.js","statementMap":{"0":{"start":{"line":4,"column":16},"end":{"line":4,"column":58}},"1":{"start":{"line":7,"column":0},"end":{"line":15,"column":1}},"2":{"start":{"line":9,"column":2},"end":{"line":14,"column":4}},"3":{"start":{"line":19,"column":0},"end":{"line":19,"column":42}}},"fnMap":{},"branchMap":{"0":{"loc":{"start":{"line":4,"column":25},"end":{"line":4,"column":56}},"type":"binary-expr","locations":[{"start":{"line":4,"column":25},"end":{"line":4,"column":46}},{"start":{"line":4,"column":50},"end":{"line":4,"column":56}}],"line":4},"1":{"loc":{"start":{"line":7,"column":0},"end":{"line":15,"column":1}},"type":"if","locations":[{"start":{"line":7,"column":0},"end":{"line":15,"column":1}},{"start":{},"end":{}}],"line":7}},"s":{"0":6,"1":6,"2":0,"3":6},"f":{},"b":{"0":[6,0],"1":[0,6]},"_coverageSchema":"1a1c01bbd47fc00a2c39e90264f33305004495a9","hash":"1951eae17ec4ee050b7c1b924b0ed56cd0f55f04"}
,"C:\\Users\\Dell\\OneDrive\\Desktop\\CLg\\SEM6\\CCP555\\Fragments\\package\\src\\response.js": {"path":"C:\\Users\\Dell\\OneDrive\\Desktop\\CLg\\SEM6\\CCP555\\Fragments\\package\\src\\response.js","statementMap":{"0":{"start":{"line":11,"column":0},"end":{"line":18,"column":2}},"1":{"start":{"line":12,"column":2},"end":{"line":17,"column":4}},"2":{"start":{"line":31,"column":0},"end":{"line":39,"column":2}},"3":{"start":{"line":32,"column":2},"end":{"line":38,"column":4}}},"fnMap":{"0":{"name":"(anonymous_0)","decl":{"start":{"line":11,"column":39},"end":{"line":11,"column":40}},"loc":{"start":{"line":11,"column":55},"end":{"line":18,"column":1}},"line":11},"1":{"name":"(anonymous_1)","decl":{"start":{"line":31,"column":37},"end":{"line":31,"column":38}},"loc":{"start":{"line":31,"column":62},"end":{"line":39,"column":1}},"line":31}},"branchMap":{},"s":{"0":6,"1":7,"2":6,"3":9},"f":{"0":7,"1":9},"b":{},"_coverageSchema":"1a1c01bbd47fc00a2c39e90264f33305004495a9","hash":"3f0cf249f8e6a8146d038130e7f1b778ba0cc922"}
,"C:\\Users\\Dell\\OneDrive\\Desktop\\CLg\\SEM6\\CCP555\\Fragments\\package\\src\\auth\\auth-middleware.js": {"path":"C:\\Users\\Dell\\OneDrive\\Desktop\\CLg\\SEM6\\CCP555\\Fragments\\package\\src\\auth\\auth-middleware.js","statementMap":{"0":{"start":{"line":1,"column":17},"end":{"line":1,"column":36}},"1":{"start":{"line":3,"column":32},"end":{"line":3,"column":54}},"2":{"start":{"line":4,"column":13},"end":{"line":4,"column":31}},"3":{"start":{"line":5,"column":15},"end":{"line":5,"column":35}},"4":{"start":{"line":11,"column":0},"end":{"line":47,"column":2}},"5":{"start":{"line":12,"column":2},"end":{"line":46,"column":4}},"6":{"start":{"line":21,"column":6},"end":{"line":24,"column":7}},"7":{"start":{"line":22,"column":8},"end":{"line":22,"column":58}},"8":{"start":{"line":23,"column":8},"end":{"line":23,"column":77}},"9":{"start":{"line":27,"column":6},"end":{"line":29,"column":7}},"10":{"start":{"line":28,"column":8},"end":{"line":28,"column":78}},"11":{"start":{"line":32,"column":6},"end":{"line":32,"column":29}},"12":{"start":{"line":33,"column":6},"end":{"line":33,"column":68}},"13":{"start":{"line":36,"column":6},"end":{"line":36,"column":13}},"14":{"start":{"line":41,"column":4},"end":{"line":45,"column":6}}},"fnMap":{"0":{"name":"(anonymous_0)","decl":{"start":{"line":11,"column":17},"end":{"line":11,"column":18}},"loc":{"start":{"line":11,"column":35},"end":{"line":47,"column":1}},"line":11},"1":{"name":"(anonymous_1)","decl":{"start":{"line":12,"column":9},"end":{"line":12,"column":10}},"loc":{"start":{"line":12,"column":35},"end":{"line":46,"column":3}},"line":12},"2":{"name":"callback","decl":{"start":{"line":19,"column":13},"end":{"line":19,"column":21}},"loc":{"start":{"line":19,"column":34},"end":{"line":37,"column":5}},"line":19}},"branchMap":{"0":{"loc":{"start":{"line":21,"column":6},"end":{"line":24,"column":7}},"type":"if","locations":[{"start":{"line":21,"column":6},"end":{"line":24,"column":7}},{"start":{},"end":{}}],"line":21},"1":{"loc":{"start":{"line":27,"column":6},"end":{"line":29,"column":7}},"type":"if","locations":[{"start":{"line":27,"column":6},"end":{"line":29,"column":7}},{"start":{},"end":{}}],"line":27}},"s":{"0":5,"1":5,"2":5,"3":5,"4":5,"5":5,"6":9,"7":0,"8":0,"9":9,"10":6,"11":3,"12":3,"13":3,"14":9},"f":{"0":5,"1":9,"2":9},"b":{"0":[0,9],"1":[6,3]},"_coverageSchema":"1a1c01bbd47fc00a2c39e90264f33305004495a9","hash":"ff8ec8a5ce889e9a7e063dd763faa5e849e4f5ad"}
,"C:\\Users\\Dell\\OneDrive\\Desktop\\CLg\\SEM6\\CCP555\\Fragments\\package\\src\\auth\\basic-auth.js": {"path":"C:\\Users\\Dell\\OneDrive\\Desktop\\CLg\\SEM6\\CCP555\\Fragments\\package\\src\\auth\\basic-auth.js","statementMap":{"0":{"start":{"line":6,"column":13},"end":{"line":6,"column":33}},"1":{"start":{"line":8,"column":21},"end":{"line":8,"column":50}},"2":{"start":{"line":9,"column":18},"end":{"line":9,"column":46}},"3":{"start":{"line":12,"column":0},"end":{"line":14,"column":1}},"4":{"start":{"line":13,"column":2},"end":{"line":13,"column":61}},"5":{"start":{"line":16,"column":0},"end":{"line":23,"column":4}},"6":{"start":{"line":19,"column":2},"end":{"line":23,"column":3}},"7":{"start":{"line":26,"column":0},"end":{"line":26,"column":54}},"8":{"start":{"line":26,"column":36},"end":{"line":26,"column":53}}},"fnMap":{"0":{"name":"(anonymous_0)","decl":{"start":{"line":16,"column":26},"end":{"line":16,"column":27}},"loc":{"start":{"line":19,"column":2},"end":{"line":23,"column":3}},"line":19},"1":{"name":"(anonymous_1)","decl":{"start":{"line":26,"column":30},"end":{"line":26,"column":31}},"loc":{"start":{"line":26,"column":36},"end":{"line":26,"column":53}},"line":26}},"branchMap":{"0":{"loc":{"start":{"line":12,"column":0},"end":{"line":14,"column":1}},"type":"if","locations":[{"start":{"line":12,"column":0},"end":{"line":14,"column":1}},{"start":{},"end":{}}],"line":12}},"s":{"0":5,"1":5,"2":5,"3":5,"4":0,"5":5,"6":5,"7":5,"8":5},"f":{"0":5,"1":5},"b":{"0":[0,5]},"_coverageSchema":"1a1c01bbd47fc00a2c39e90264f33305004495a9","hash":"73faa9ded4c04553f5bc1b520997e496e58c4a22"}
,"C:\\Users\\Dell\\OneDrive\\Desktop\\CLg\\SEM6\\CCP555\\Fragments\\package\\src\\auth\\index.js": {"path":"C:\\Users\\Dell\\OneDrive\\Desktop\\CLg\\SEM6\\CCP555\\Fragments\\package\\src\\auth\\index.js","statementMap":{"0":{"start":{"line":4,"column":0},"end":{"line":14,"column":1}},"1":{"start":{"line":5,"column":2},"end":{"line":5,"column":40}},"2":{"start":{"line":8,"column":5},"end":{"line":14,"column":1}},"3":{"start":{"line":9,"column":2},"end":{"line":9,"column":43}},"4":{"start":{"line":13,"column":2},"end":{"line":13,"column":76}}},"fnMap":{},"branchMap":{"0":{"loc":{"start":{"line":4,"column":0},"end":{"line":14,"column":1}},"type":"if","locations":[{"start":{"line":4,"column":0},"end":{"line":14,"column":1}},{"start":{"line":8,"column":5},"end":{"line":14,"column":1}}],"line":4},"1":{"loc":{"start":{"line":4,"column":4},"end":{"line":4,"column":72}},"type":"binary-expr","locations":[{"start":{"line":4,"column":4},"end":{"line":4,"column":35}},{"start":{"line":4,"column":39},"end":{"line":4,"column":72}}],"line":4},"2":{"loc":{"start":{"line":8,"column":5},"end":{"line":14,"column":1}},"type":"if","locations":[{"start":{"line":8,"column":5},"end":{"line":14,"column":1}},{"start":{"line":12,"column":5},"end":{"line":14,"column":1}}],"line":8},"3":{"loc":{"start":{"line":8,"column":9},"end":{"line":8,"column":71}},"type":"binary-expr","locations":[{"start":{"line":8,"column":9},"end":{"line":8,"column":34}},{"start":{"line":8,"column":38},"end":{"line":8,"column":71}}],"line":8}},"s":{"0":5,"1":0,"2":5,"3":5,"4":0},"f":{},"b":{"0":[0,5],"1":[5,0],"2":[5,0],"3":[5,5]},"_coverageSchema":"1a1c01bbd47fc00a2c39e90264f33305004495a9","hash":"c0f497dfe4d2259b2f951f053240bb37693438d3"}
,"C:\\Users\\Dell\\OneDrive\\Desktop\\CLg\\SEM6\\CCP555\\Fragments\\package\\src\\model\\fragment.js": {"path":"C:\\Users\\Dell\\OneDrive\\Desktop\\CLg\\SEM6\\CCP555\\Fragments\\package\\src\\model\\fragment.js","statementMap":{"0":{"start":{"line":1,"column":23},"end":{"line":1,"column":40}},"1":{"start":{"line":2,"column":20},"end":{"line":2,"column":43}},"2":{"start":{"line":10,"column":4},"end":{"line":10,"column":21}},"3":{"start":{"line":11,"column":15},"end":{"line":11,"column":42}},"4":{"start":{"line":22,"column":4},"end":{"line":25,"column":5}},"5":{"start":{"line":23,"column":6},"end":{"line":23,"column":52}},"6":{"start":{"line":24,"column":6},"end":{"line":24,"column":55}},"7":{"start":{"line":26,"column":4},"end":{"line":29,"column":5}},"8":{"start":{"line":27,"column":6},"end":{"line":27,"column":57}},"9":{"start":{"line":28,"column":6},"end":{"line":28,"column":60}},"10":{"start":{"line":30,"column":4},"end":{"line":33,"column":5}},"11":{"start":{"line":31,"column":6},"end":{"line":31,"column":47}},"12":{"start":{"line":32,"column":6},"end":{"line":32,"column":51}},"13":{"start":{"line":35,"column":4},"end":{"line":35,"column":17}},"14":{"start":{"line":36,"column":4},"end":{"line":36,"column":27}},"15":{"start":{"line":37,"column":4},"end":{"line":37,"column":27}},"16":{"start":{"line":38,"column":4},"end":{"line":38,"column":27}},"17":{"start":{"line":39,"column":4},"end":{"line":39,"column":21}},"18":{"start":{"line":40,"column":4},"end":{"line":40,"column":21}},"19":{"start":{"line":44,"column":4},"end":{"line":57,"column":5}},"20":{"start":{"line":45,"column":24},"end":{"line":45,"column":60}},"21":{"start":{"line":46,"column":6},"end":{"line":48,"column":7}},"22":{"start":{"line":47,"column":8},"end":{"line":47,"column":25}},"23":{"start":{"line":49,"column":6},"end":{"line":51,"column":8}},"24":{"start":{"line":50,"column":42},"end":{"line":50,"column":64}},"25":{"start":{"line":53,"column":6},"end":{"line":55,"column":8}},"26":{"start":{"line":56,"column":6},"end":{"line":56,"column":16}},"27":{"start":{"line":61,"column":4},"end":{"line":67,"column":5}},"28":{"start":{"line":62,"column":27},"end":{"line":62,"column":58}},"29":{"start":{"line":63,"column":6},"end":{"line":63,"column":40}},"30":{"start":{"line":65,"column":6},"end":{"line":65,"column":76}},"31":{"start":{"line":66,"column":6},"end":{"line":66,"column":16}},"32":{"start":{"line":71,"column":4},"end":{"line":76,"column":5}},"33":{"start":{"line":72,"column":6},"end":{"line":72,"column":41}},"34":{"start":{"line":74,"column":6},"end":{"line":74,"column":76}},"35":{"start":{"line":75,"column":6},"end":{"line":75,"column":16}},"36":{"start":{"line":80,"column":4},"end":{"line":80,"column":44}},"37":{"start":{"line":81,"column":4},"end":{"line":86,"column":5}},"38":{"start":{"line":82,"column":6},"end":{"line":82,"column":33}},"39":{"start":{"line":84,"column":6},"end":{"line":84,"column":79}},"40":{"start":{"line":85,"column":6},"end":{"line":85,"column":16}},"41":{"start":{"line":90,"column":4},"end":{"line":97,"column":5}},"42":{"start":{"line":91,"column":6},"end":{"line":91,"column":53}},"43":{"start":{"line":93,"column":6},"end":{"line":95,"column":8}},"44":{"start":{"line":96,"column":6},"end":{"line":96,"column":16}},"45":{"start":{"line":101,"column":4},"end":{"line":104,"column":5}},"46":{"start":{"line":102,"column":6},"end":{"line":102,"column":44}},"47":{"start":{"line":103,"column":6},"end":{"line":103,"column":47}},"48":{"start":{"line":105,"column":4},"end":{"line":105,"column":28}},"49":{"start":{"line":106,"column":4},"end":{"line":106,"column":44}},"50":{"start":{"line":107,"column":4},"end":{"line":115,"column":5}},"51":{"start":{"line":108,"column":6},"end":{"line":108,"column":24}},"52":{"start":{"line":109,"column":6},"end":{"line":109,"column":59}},"53":{"start":{"line":111,"column":6},"end":{"line":113,"column":8}},"54":{"start":{"line":114,"column":6},"end":{"line":114,"column":16}},"55":{"start":{"line":119,"column":21},"end":{"line":119,"column":49}},"56":{"start":{"line":120,"column":4},"end":{"line":120,"column":16}},"57":{"start":{"line":124,"column":4},"end":{"line":124,"column":45}},"58":{"start":{"line":128,"column":4},"end":{"line":128,"column":27}},"59":{"start":{"line":132,"column":21},"end":{"line":132,"column":45}},"60":{"start":{"line":133,"column":4},"end":{"line":133,"column":36}},"61":{"start":{"line":137,"column":0},"end":{"line":137,"column":35}}},"fnMap":{"0":{"name":"(anonymous_0)","decl":{"start":{"line":14,"column":2},"end":{"line":14,"column":3}},"loc":{"start":{"line":21,"column":5},"end":{"line":41,"column":3}},"line":21},"1":{"name":"(anonymous_1)","decl":{"start":{"line":43,"column":2},"end":{"line":43,"column":3}},"loc":{"start":{"line":43,"column":47},"end":{"line":58,"column":3}},"line":43},"2":{"name":"(anonymous_2)","decl":{"start":{"line":50,"column":22},"end":{"line":50,"column":23}},"loc":{"start":{"line":50,"column":42},"end":{"line":50,"column":64}},"line":50},"3":{"name":"(anonymous_3)","decl":{"start":{"line":60,"column":2},"end":{"line":60,"column":3}},"loc":{"start":{"line":60,"column":33},"end":{"line":68,"column":3}},"line":60},"4":{"name":"(anonymous_4)","decl":{"start":{"line":70,"column":2},"end":{"line":70,"column":3}},"loc":{"start":{"line":70,"column":29},"end":{"line":77,"column":3}},"line":70},"5":{"name":"(anonymous_5)","decl":{"start":{"line":79,"column":2},"end":{"line":79,"column":3}},"loc":{"start":{"line":79,"column":9},"end":{"line":87,"column":3}},"line":79},"6":{"name":"(anonymous_6)","decl":{"start":{"line":89,"column":2},"end":{"line":89,"column":3}},"loc":{"start":{"line":89,"column":12},"end":{"line":98,"column":3}},"line":89},"7":{"name":"(anonymous_7)","decl":{"start":{"line":100,"column":2},"end":{"line":100,"column":3}},"loc":{"start":{"line":100,"column":22},"end":{"line":116,"column":3}},"line":100},"8":{"name":"(anonymous_8)","decl":{"start":{"line":118,"column":2},"end":{"line":118,"column":3}},"loc":{"start":{"line":118,"column":17},"end":{"line":121,"column":3}},"line":118},"9":{"name":"(anonymous_9)","decl":{"start":{"line":123,"column":2},"end":{"line":123,"column":3}},"loc":{"start":{"line":123,"column":15},"end":{"line":125,"column":3}},"line":123},"10":{"name":"(anonymous_10)","decl":{"start":{"line":127,"column":2},"end":{"line":127,"column":3}},"loc":{"start":{"line":127,"column":16},"end":{"line":129,"column":3}},"line":127},"11":{"name":"(anonymous_11)","decl":{"start":{"line":131,"column":2},"end":{"line":131,"column":3}},"loc":{"start":{"line":131,"column":32},"end":{"line":134,"column":3}},"line":131}},"branchMap":{"0":{"loc":{"start":{"line":15,"column":4},"end":{"line":15,"column":21}},"type":"default-arg","locations":[{"start":{"line":15,"column":9},"end":{"line":15,"column":21}}],"line":15},"1":{"loc":{"start":{"line":17,"column":4},"end":{"line":17,"column":38}},"type":"default-arg","locations":[{"start":{"line":17,"column":14},"end":{"line":17,"column":38}}],"line":17},"2":{"loc":{"start":{"line":18,"column":4},"end":{"line":18,"column":38}},"type":"default-arg","locations":[{"start":{"line":18,"column":14},"end":{"line":18,"column":38}}],"line":18},"3":{"loc":{"start":{"line":20,"column":4},"end":{"line":20,"column":12}},"type":"default-arg","locations":[{"start":{"line":20,"column":11},"end":{"line":20,"column":12}}],"line":20},"4":{"loc":{"start":{"line":22,"column":4},"end":{"line":25,"column":5}},"type":"if","locations":[{"start":{"line":22,"column":4},"end":{"line":25,"column":5}},{"start":{},"end":{}}],"line":22},"5":{"loc":{"start":{"line":22,"column":8},"end":{"line":22,"column":25}},"type":"binary-expr","locations":[{"start":{"line":22,"column":8},"end":{"line":22,"column":16}},{"start":{"line":22,"column":20},"end":{"line":22,"column":25}}],"line":22},"6":{"loc":{"start":{"line":26,"column":4},"end":{"line":29,"column":5}},"type":"if","locations":[{"start":{"line":26,"column":4},"end":{"line":29,"column":5}},{"start":{},"end":{}}],"line":26},"7":{"loc":{"start":{"line":26,"column":8},"end":{"line":26,"column":44}},"type":"binary-expr","locations":[{"start":{"line":26,"column":8},"end":{"line":26,"column":32}},{"start":{"line":26,"column":36},"end":{"line":26,"column":44}}],"line":26},"8":{"loc":{"start":{"line":30,"column":4},"end":{"line":33,"column":5}},"type":"if","locations":[{"start":{"line":30,"column":4},"end":{"line":33,"column":5}},{"start":{},"end":{}}],"line":30},"9":{"loc":{"start":{"line":43,"column":31},"end":{"line":43,"column":45}},"type":"default-arg","locations":[{"start":{"line":43,"column":40},"end":{"line":43,"column":45}}],"line":43},"10":{"loc":{"start":{"line":46,"column":6},"end":{"line":48,"column":7}},"type":"if","locations":[{"start":{"line":46,"column":6},"end":{"line":48,"column":7}},{"start":{},"end":{}}],"line":46},"11":{"loc":{"start":{"line":101,"column":4},"end":{"line":104,"column":5}},"type":"if","locations":[{"start":{"line":101,"column":4},"end":{"line":104,"column":5}},{"start":{},"end":{}}],"line":101}},"s":{"0":6,"1":6,"2":6,"3":6,"4":33,"5":3,"6":3,"7":30,"8":2,"9":2,"10":28,"11":1,"12":1,"13":27,"14":27,"15":27,"16":27,"17":27,"18":27,"19":3,"20":3,"21":3,"22":2,"23":1,"24":1,"25":0,"26":0,"27":5,"28":5,"29":5,"30":1,"31":1,"32":1,"33":1,"34":0,"35":0,"36":16,"37":16,"38":16,"39":0,"40":0,"41":1,"42":1,"43":0,"44":0,"45":9,"46":1,"47":1,"48":8,"49":8,"50":8,"51":8,"52":8,"53":0,"54":0,"55":4,"56":4,"57":1,"58":1,"59":39,"60":39,"61":6},"f":{"0":33,"1":3,"2":1,"3":5,"4":1,"5":16,"6":1,"7":9,"8":4,"9":1,"10":1,"11":39},"b":{"0":[27],"1":[28],"2":[28],"3":[2],"4":[3,30],"5":[33,31],"6":[2,28],"7":[30,29],"8":[1,27],"9":[2],"10":[2,1],"11":[1,8]},"_coverageSchema":"1a1c01bbd47fc00a2c39e90264f33305004495a9","hash":"b0ba00ae837861b5ab0fd56a2ab042fd2053a9bd"}
,"C:\\Users\\Dell\\OneDrive\\Desktop\\CLg\\SEM6\\CCP555\\Fragments\\package\\src\\model\\data\\index.js": {"path":"C:\\Users\\Dell\\OneDrive\\Desktop\\CLg\\SEM6\\CCP555\\Fragments\\package\\src\\model\\data\\index.js","statementMap":{"0":{"start":{"line":1,"column":0},"end":{"line":1,"column":37}}},"fnMap":{},"branchMap":{},"s":{"0":6},"f":{},"b":{},"_coverageSchema":"1a1c01bbd47fc00a2c39e90264f33305004495a9","hash":"226a24556b2bf8b9b41235e44642fc6570ae74d1"}
,"C:\\Users\\Dell\\OneDrive\\Desktop\\CLg\\SEM6\\CCP555\\Fragments\\package\\src\\model\\data\\memory\\index.js": {"path":"C:\\Users\\Dell\\OneDrive\\Desktop\\CLg\\SEM6\\CCP555\\Fragments\\package\\src\\model\\data\\memory\\index.js","statementMap":{"0":{"start":{"line":1,"column":17},"end":{"line":1,"column":39}},"1":{"start":{"line":4,"column":13},"end":{"line":4,"column":27}},"2":{"start":{"line":5,"column":17},"end":{"line":5,"column":31}},"3":{"start":{"line":9,"column":2},"end":{"line":9,"column":63}},"4":{"start":{"line":14,"column":2},"end":{"line":14,"column":35}},"5":{"start":{"line":19,"column":2},"end":{"line":19,"column":39}},"6":{"start":{"line":24,"column":2},"end":{"line":24,"column":31}},"7":{"start":{"line":29,"column":20},"end":{"line":29,"column":49}},"8":{"start":{"line":32,"column":2},"end":{"line":34,"column":3}},"9":{"start":{"line":33,"column":4},"end":{"line":33,"column":21}},"10":{"start":{"line":37,"column":2},"end":{"line":37,"column":50}},"11":{"start":{"line":37,"column":37},"end":{"line":37,"column":48}},"12":{"start":{"line":42,"column":2},"end":{"line":47,"column":5}},"13":{"start":{"line":51,"column":0},"end":{"line":58,"column":2}}},"fnMap":{"0":{"name":"writeFragment","decl":{"start":{"line":8,"column":9},"end":{"line":8,"column":22}},"loc":{"start":{"line":8,"column":33},"end":{"line":10,"column":1}},"line":8},"1":{"name":"readFragment","decl":{"start":{"line":13,"column":9},"end":{"line":13,"column":21}},"loc":{"start":{"line":13,"column":35},"end":{"line":15,"column":1}},"line":13},"2":{"name":"writeFragmentData","decl":{"start":{"line":18,"column":9},"end":{"line":18,"column":26}},"loc":{"start":{"line":18,"column":48},"end":{"line":20,"column":1}},"line":18},"3":{"name":"readFragmentData","decl":{"start":{"line":23,"column":9},"end":{"line":23,"column":25}},"loc":{"start":{"line":23,"column":39},"end":{"line":25,"column":1}},"line":23},"4":{"name":"listFragments","decl":{"start":{"line":28,"column":15},"end":{"line":28,"column":28}},"loc":{"start":{"line":28,"column":54},"end":{"line":38,"column":1}},"line":28},"5":{"name":"(anonymous_5)","decl":{"start":{"line":37,"column":23},"end":{"line":37,"column":24}},"loc":{"start":{"line":37,"column":37},"end":{"line":37,"column":48}},"line":37},"6":{"name":"deleteFragment","decl":{"start":{"line":41,"column":9},"end":{"line":41,"column":23}},"loc":{"start":{"line":41,"column":37},"end":{"line":48,"column":1}},"line":41}},"branchMap":{"0":{"loc":{"start":{"line":28,"column":38},"end":{"line":28,"column":52}},"type":"default-arg","locations":[{"start":{"line":28,"column":47},"end":{"line":28,"column":52}}],"line":28},"1":{"loc":{"start":{"line":32,"column":2},"end":{"line":34,"column":3}},"type":"if","locations":[{"start":{"line":32,"column":2},"end":{"line":34,"column":3}},{"start":{},"end":{}}],"line":32},"2":{"loc":{"start":{"line":32,"column":6},"end":{"line":32,"column":26}},"type":"binary-expr","locations":[{"start":{"line":32,"column":6},"end":{"line":32,"column":12}},{"start":{"line":32,"column":16},"end":{"line":32,"column":26}}],"line":32}},"s":{"0":7,"1":7,"2":7,"3":18,"4":7,"5":10,"6":3,"7":3,"8":3,"9":1,"10":2,"11":1,"12":1,"13":7},"f":{"0":18,"1":7,"2":10,"3":3,"4":3,"5":1,"6":1},"b":{"0":[0],"1":[1,2],"2":[3,2]},"_coverageSchema":"1a1c01bbd47fc00a2c39e90264f33305004495a9","hash":"0b23644e9c682c1c4c2bc16e1d1cf232b4ebd6db"}
,"C:\\Users\\Dell\\OneDrive\\Desktop\\CLg\\SEM6\\CCP555\\Fragments\\package\\src\\model\\data\\memory\\memory-db.js": {"path":"C:\\Users\\Dell\\OneDrive\\Desktop\\CLg\\SEM6\\CCP555\\Fragments\\package\\src\\model\\data\\memory\\memory-db.js","statementMap":{"0":{"start":{"line":1,"column":20},"end":{"line":1,"column":52}},"1":{"start":{"line":1,"column":29},"end":{"line":1,"column":52}},"2":{"start":{"line":6,"column":4},"end":{"line":6,"column":17}},"3":{"start":{"line":16,"column":4},"end":{"line":20,"column":5}},"4":{"start":{"line":17,"column":6},"end":{"line":19,"column":8}},"5":{"start":{"line":22,"column":15},"end":{"line":22,"column":22}},"6":{"start":{"line":23,"column":18},"end":{"line":23,"column":64}},"7":{"start":{"line":24,"column":4},"end":{"line":24,"column":34}},"8":{"start":{"line":34,"column":4},"end":{"line":38,"column":5}},"9":{"start":{"line":35,"column":6},"end":{"line":37,"column":8}},"10":{"start":{"line":40,"column":15},"end":{"line":40,"column":22}},"11":{"start":{"line":42,"column":4},"end":{"line":42,"column":42}},"12":{"start":{"line":44,"column":4},"end":{"line":44,"column":41}},"13":{"start":{"line":45,"column":4},"end":{"line":45,"column":29}},"14":{"start":{"line":55,"column":4},"end":{"line":59,"column":5}},"15":{"start":{"line":56,"column":6},"end":{"line":58,"column":8}},"16":{"start":{"line":62,"column":15},"end":{"line":62,"column":22}},"17":{"start":{"line":63,"column":19},"end":{"line":63,"column":70}},"18":{"start":{"line":64,"column":4},"end":{"line":64,"column":35}},"19":{"start":{"line":74,"column":4},"end":{"line":78,"column":5}},"20":{"start":{"line":75,"column":6},"end":{"line":77,"column":8}},"21":{"start":{"line":81,"column":4},"end":{"line":85,"column":5}},"22":{"start":{"line":82,"column":6},"end":{"line":84,"column":8}},"23":{"start":{"line":87,"column":15},"end":{"line":87,"column":22}},"24":{"start":{"line":88,"column":4},"end":{"line":88,"column":40}},"25":{"start":{"line":89,"column":4},"end":{"line":89,"column":29}},"26":{"start":{"line":93,"column":0},"end":{"line":93,"column":26}}},"fnMap":{"0":{"name":"(anonymous_0)","decl":{"start":{"line":1,"column":20},"end":{"line":1,"column":21}},"loc":{"start":{"line":1,"column":29},"end":{"line":1,"column":52}},"line":1},"1":{"name":"(anonymous_1)","decl":{"start":{"line":4,"column":2},"end":{"line":4,"column":3}},"loc":{"start":{"line":4,"column":16},"end":{"line":7,"column":3}},"line":4},"2":{"name":"(anonymous_2)","decl":{"start":{"line":15,"column":2},"end":{"line":15,"column":3}},"loc":{"start":{"line":15,"column":32},"end":{"line":25,"column":3}},"line":15},"3":{"name":"(anonymous_3)","decl":{"start":{"line":33,"column":2},"end":{"line":33,"column":3}},"loc":{"start":{"line":33,"column":39},"end":{"line":46,"column":3}},"line":33},"4":{"name":"(anonymous_4)","decl":{"start":{"line":54,"column":2},"end":{"line":54,"column":3}},"loc":{"start":{"line":54,"column":20},"end":{"line":65,"column":3}},"line":54},"5":{"name":"(anonymous_5)","decl":{"start":{"line":73,"column":2},"end":{"line":73,"column":3}},"loc":{"start":{"line":73,"column":38},"end":{"line":90,"column":3}},"line":73}},"branchMap":{"0":{"loc":{"start":{"line":16,"column":4},"end":{"line":20,"column":5}},"type":"if","locations":[{"start":{"line":16,"column":4},"end":{"line":20,"column":5}},{"start":{},"end":{}}],"line":16},"1":{"loc":{"start":{"line":16,"column":10},"end":{"line":16,"column":62}},"type":"binary-expr","locations":[{"start":{"line":16,"column":10},"end":{"line":16,"column":33}},{"start":{"line":16,"column":37},"end":{"line":16,"column":62}}],"line":16},"2":{"loc":{"start":{"line":23,"column":18},"end":{"line":23,"column":64}},"type":"binary-expr","locations":[{"start":{"line":23,"column":18},"end":{"line":23,"column":32}},{"start":{"line":23,"column":36},"end":{"line":23,"column":64}}],"line":23},"3":{"loc":{"start":{"line":34,"column":4},"end":{"line":38,"column":5}},"type":"if","locations":[{"start":{"line":34,"column":4},"end":{"line":38,"column":5}},{"start":{},"end":{}}],"line":34},"4":{"loc":{"start":{"line":34,"column":10},"end":{"line":34,"column":62}},"type":"binary-expr","locations":[{"start":{"line":34,"column":10},"end":{"line":34,"column":33}},{"start":{"line":34,"column":37},"end":{"line":34,"column":62}}],"line":34},"5":{"loc":{"start":{"line":42,"column":21},"end":{"line":42,"column":41}},"type":"binary-expr","locations":[{"start":{"line":42,"column":21},"end":{"line":42,"column":35}},{"start":{"line":42,"column":39},"end":{"line":42,"column":41}}],"line":42},"6":{"loc":{"start":{"line":55,"column":4},"end":{"line":59,"column":5}},"type":"if","locations":[{"start":{"line":55,"column":4},"end":{"line":59,"column":5}},{"start":{},"end":{}}],"line":55},"7":{"loc":{"start":{"line":63,"column":19},"end":{"line":63,"column":70}},"type":"cond-expr","locations":[{"start":{"line":63,"column":36},"end":{"line":63,"column":65}},{"start":{"line":63,"column":68},"end":{"line":63,"column":70}}],"line":63},"8":{"loc":{"start":{"line":74,"column":4},"end":{"line":78,"column":5}},"type":"if","locations":[{"start":{"line":74,"column":4},"end":{"line":78,"column":5}},{"start":{},"end":{}}],"line":74},"9":{"loc":{"start":{"line":74,"column":10},"end":{"line":74,"column":62}},"type":"binary-expr","locations":[{"start":{"line":74,"column":10},"end":{"line":74,"column":33}},{"start":{"line":74,"column":37},"end":{"line":74,"column":62}}],"line":74},"10":{"loc":{"start":{"line":81,"column":4},"end":{"line":85,"column":5}},"type":"if","locations":[{"start":{"line":81,"column":4},"end":{"line":85,"column":5}},{"start":{},"end":{}}],"line":81}},"s":{"0":8,"1":140,"2":26,"3":22,"4":3,"5":19,"6":19,"7":19,"8":42,"9":3,"10":39,"11":39,"12":39,"13":39,"14":7,"15":2,"16":5,"17":5,"18":5,"19":7,"20":3,"21":4,"22":1,"23":3,"24":3,"25":3,"26":8},"f":{"0":140,"1":26,"2":22,"3":42,"4":7,"5":7},"b":{"0":[3,19],"1":[22,19],"2":[19,18],"3":[3,39],"4":[42,39],"5":[39,19],"6":[2,5],"7":[3,2],"8":[3,4],"9":[7,4],"10":[1,3]},"_coverageSchema":"1a1c01bbd47fc00a2c39e90264f33305004495a9","hash":"4e5c1fd83fc1c704f47781f58fcf71e35a592017"}
,"C:\\Users\\Dell\\OneDrive\\Desktop\\CLg\\SEM6\\CCP555\\Fragments\\package\\src\\routes\\index.js": {"path":"C:\\Users\\Dell\\OneDrive\\Desktop\\CLg\\SEM6\\CCP555\\Fragments\\package\\src\\routes\\index.js","statementMap":{"0":{"start":{"line":3,"column":16},"end":{"line":3,"column":34}},"1":{"start":{"line":6,"column":28},"end":{"line":6,"column":57}},"2":{"start":{"line":9,"column":15},"end":{"line":9,"column":31}},"3":{"start":{"line":12,"column":25},"end":{"line":12,"column":43}},"4":{"start":{"line":13,"column":34},"end":{"line":13,"column":56}},"5":{"start":{"line":18,"column":0},"end":{"line":18,"column":52}},"6":{"start":{"line":26,"column":0},"end":{"line":40,"column":3}},"7":{"start":{"line":29,"column":2},"end":{"line":29,"column":45}},"8":{"start":{"line":32,"column":15},"end":{"line":38,"column":3}},"9":{"start":{"line":39,"column":2},"end":{"line":39,"column":52}},"10":{"start":{"line":42,"column":0},"end":{"line":42,"column":24}}},"fnMap":{"0":{"name":"(anonymous_0)","decl":{"start":{"line":26,"column":16},"end":{"line":26,"column":17}},"loc":{"start":{"line":26,"column":30},"end":{"line":40,"column":1}},"line":26}},"branchMap":{},"s":{"0":5,"1":5,"2":5,"3":5,"4":5,"5":5,"6":5,"7":4,"8":4,"9":4,"10":5},"f":{"0":4},"b":{},"_coverageSchema":"1a1c01bbd47fc00a2c39e90264f33305004495a9","hash":"3d7aad8347b503c6d87a5ea3f17bb6f9e6a3a57c"}
,"C:\\Users\\Dell\\OneDrive\\Desktop\\CLg\\SEM6\\CCP555\\Fragments\\package\\src\\routes\\api\\get.js": {"path":"C:\\Users\\Dell\\OneDrive\\Desktop\\CLg\\SEM6\\CCP555\\Fragments\\package\\src\\routes\\api\\get.js","statementMap":{"0":{"start":{"line":3,"column":34},"end":{"line":3,"column":59}},"1":{"start":{"line":8,"column":0},"end":{"line":14,"column":2}},"2":{"start":{"line":9,"column":15},"end":{"line":12,"column":3}},"3":{"start":{"line":13,"column":2},"end":{"line":13,"column":52}}},"fnMap":{"0":{"name":"(anonymous_0)","decl":{"start":{"line":8,"column":17},"end":{"line":8,"column":18}},"loc":{"start":{"line":8,"column":31},"end":{"line":14,"column":1}},"line":8}},"branchMap":{},"s":{"0":5,"1":5,"2":1,"3":1},"f":{"0":1},"b":{},"_coverageSchema":"1a1c01bbd47fc00a2c39e90264f33305004495a9","hash":"13a9ff9469f9f1a7dc6bd8ff1d765e1aed4f3536"}
,"C:\\Users\\Dell\\OneDrive\\Desktop\\CLg\\SEM6\\CCP555\\Fragments\\package\\src\\routes\\api\\index.js": {"path":"C:\\Users\\Dell\\OneDrive\\Desktop\\CLg\\SEM6\\CCP555\\Fragments\\package\\src\\routes\\api\\index.js","statementMap":{"0":{"start":{"line":6,"column":16},"end":{"line":6,"column":34}},"1":{"start":{"line":7,"column":20},"end":{"line":7,"column":43}},"2":{"start":{"line":8,"column":21},"end":{"line":8,"column":52}},"3":{"start":{"line":11,"column":15},"end":{"line":11,"column":31}},"4":{"start":{"line":14,"column":0},"end":{"line":14,"column":43}},"5":{"start":{"line":17,"column":16},"end":{"line":28,"column":4}},"6":{"start":{"line":18,"column":2},"end":{"line":28,"column":4}},"7":{"start":{"line":25,"column":23},"end":{"line":25,"column":45}},"8":{"start":{"line":26,"column":6},"end":{"line":26,"column":44}},"9":{"start":{"line":32,"column":0},"end":{"line":32,"column":56}},"10":{"start":{"line":34,"column":0},"end":{"line":34,"column":24}}},"fnMap":{"0":{"name":"(anonymous_0)","decl":{"start":{"line":17,"column":16},"end":{"line":17,"column":17}},"loc":{"start":{"line":18,"column":2},"end":{"line":28,"column":4}},"line":18},"1":{"name":"(anonymous_1)","decl":{"start":{"line":21,"column":10},"end":{"line":21,"column":11}},"loc":{"start":{"line":21,"column":19},"end":{"line":27,"column":5}},"line":21}},"branchMap":{},"s":{"0":5,"1":5,"2":5,"3":5,"4":5,"5":5,"6":5,"7":2,"8":2,"9":5,"10":5},"f":{"0":5,"1":2},"b":{},"_coverageSchema":"1a1c01bbd47fc00a2c39e90264f33305004495a9","hash":"aa6ba380f4a2bf6c3d5f847cc0bb70551681c682"}
,"C:\\Users\\Dell\\OneDrive\\Desktop\\CLg\\SEM6\\CCP555\\Fragments\\package\\src\\routes\\api\\post.js": {"path":"C:\\Users\\Dell\\OneDrive\\Desktop\\CLg\\SEM6\\CCP555\\Fragments\\package\\src\\routes\\api\\post.js","statementMap":{"0":{"start":{"line":1,"column":20},"end":{"line":1,"column":43}},"1":{"start":{"line":2,"column":21},"end":{"line":2,"column":52}},"2":{"start":{"line":3,"column":15},"end":{"line":3,"column":38}},"3":{"start":{"line":4,"column":32},"end":{"line":4,"column":57}},"4":{"start":{"line":6,"column":0},"end":{"line":38,"column":2}},"5":{"start":{"line":7,"column":2},"end":{"line":37,"column":3}},"6":{"start":{"line":8,"column":21},"end":{"line":8,"column":67}},"7":{"start":{"line":9,"column":4},"end":{"line":12,"column":5}},"8":{"start":{"line":10,"column":6},"end":{"line":10,"column":55}},"9":{"start":{"line":11,"column":6},"end":{"line":11,"column":50}},"10":{"start":{"line":14,"column":24},"end":{"line":18,"column":6}},"11":{"start":{"line":20,"column":4},"end":{"line":20,"column":29}},"12":{"start":{"line":21,"column":4},"end":{"line":21,"column":40}},"13":{"start":{"line":23,"column":20},"end":{"line":23,"column":71}},"14":{"start":{"line":24,"column":21},"end":{"line":27,"column":16}},"15":{"start":{"line":28,"column":4},"end":{"line":28,"column":40}},"16":{"start":{"line":29,"column":4},"end":{"line":32,"column":7}},"17":{"start":{"line":34,"column":4},"end":{"line":34,"column":60}},"18":{"start":{"line":35,"column":18},"end":{"line":35,"column":55}},"19":{"start":{"line":36,"column":4},"end":{"line":36,"column":32}}},"fnMap":{"0":{"name":"(anonymous_0)","decl":{"start":{"line":6,"column":17},"end":{"line":6,"column":18}},"loc":{"start":{"line":6,"column":37},"end":{"line":38,"column":1}},"line":6}},"branchMap":{"0":{"loc":{"start":{"line":9,"column":4},"end":{"line":12,"column":5}},"type":"if","locations":[{"start":{"line":9,"column":4},"end":{"line":12,"column":5}},{"start":{},"end":{}}],"line":9},"1":{"loc":{"start":{"line":23,"column":20},"end":{"line":23,"column":71}},"type":"binary-expr","locations":[{"start":{"line":23,"column":20},"end":{"line":23,"column":39}},{"start":{"line":23,"column":43},"end":{"line":23,"column":71}}],"line":23}},"s":{"0":5,"1":5,"2":5,"3":5,"4":5,"5":2,"6":2,"7":2,"8":1,"9":1,"10":1,"11":1,"12":1,"13":1,"14":1,"15":1,"16":1,"17":1,"18":1,"19":1},"f":{"0":2},"b":{"0":[1,1],"1":[1,1]},"_coverageSchema":"1a1c01bbd47fc00a2c39e90264f33305004495a9","hash":"600ecbc46755baa13ed3aa013fb4293da4cab106"}
,"C:\\Users\\Dell\\OneDrive\\Desktop\\CLg\\SEM6\\CCP555\\Fragments\\src\\app.js": {"path":"C:\\Users\\Dell\\OneDrive\\Desktop\\CLg\\SEM6\\CCP555\\Fragments\\src\\app.js","statementMap":{"0":{"start":{"line":3,"column":16},"end":{"line":3,"column":34}},"1":{"start":{"line":4,"column":13},"end":{"line":4,"column":28}},"2":{"start":{"line":5,"column":15},"end":{"line":5,"column":32}},"3":{"start":{"line":6,"column":20},"end":{"line":6,"column":42}},"4":{"start":{"line":8,"column":15},"end":{"line":8,"column":34}},"5":{"start":{"line":9,"column":13},"end":{"line":12,"column":2}},"6":{"start":{"line":14,"column":17},"end":{"line":14,"column":36}},"7":{"start":{"line":15,"column":21},"end":{"line":15,"column":38}},"8":{"start":{"line":16,"column":32},"end":{"line":16,"column":53}},"9":{"start":{"line":19,"column":12},"end":{"line":19,"column":21}},"10":{"start":{"line":22,"column":0},"end":{"line":22,"column":14}},"11":{"start":{"line":25,"column":0},"end":{"line":25,"column":18}},"12":{"start":{"line":28,"column":0},"end":{"line":28,"column":16}},"13":{"start":{"line":31,"column":0},"end":{"line":31,"column":23}},"14":{"start":{"line":34,"column":0},"end":{"line":34,"column":38}},"15":{"start":{"line":35,"column":0},"end":{"line":35,"column":31}},"16":{"start":{"line":40,"column":0},"end":{"line":40,"column":34}},"17":{"start":{"line":43,"column":0},"end":{"line":45,"column":3}},"18":{"start":{"line":44,"column":2},"end":{"line":44,"column":62}},"19":{"start":{"line":49,"column":0},"end":{"line":61,"column":3}},"20":{"start":{"line":52,"column":17},"end":{"line":52,"column":34}},"21":{"start":{"line":53,"column":18},"end":{"line":53,"column":60}},"22":{"start":{"line":56,"column":2},"end":{"line":58,"column":3}},"23":{"start":{"line":57,"column":4},"end":{"line":57,"column":54}},"24":{"start":{"line":60,"column":2},"end":{"line":60,"column":61}},"25":{"start":{"line":64,"column":0},"end":{"line":64,"column":21}}},"fnMap":{"0":{"name":"(anonymous_0)","decl":{"start":{"line":43,"column":8},"end":{"line":43,"column":9}},"loc":{"start":{"line":43,"column":22},"end":{"line":45,"column":1}},"line":43},"1":{"name":"(anonymous_1)","decl":{"start":{"line":49,"column":8},"end":{"line":49,"column":9}},"loc":{"start":{"line":49,"column":33},"end":{"line":61,"column":1}},"line":49}},"branchMap":{"0":{"loc":{"start":{"line":52,"column":17},"end":{"line":52,"column":34}},"type":"binary-expr","locations":[{"start":{"line":52,"column":17},"end":{"line":52,"column":27}},{"start":{"line":52,"column":31},"end":{"line":52,"column":34}}],"line":52},"1":{"loc":{"start":{"line":53,"column":18},"end":{"line":53,"column":60}},"type":"binary-expr","locations":[{"start":{"line":53,"column":18},"end":{"line":53,"column":29}},{"start":{"line":53,"column":33},"end":{"line":53,"column":60}}],"line":53},"2":{"loc":{"start":{"line":56,"column":2},"end":{"line":58,"column":3}},"type":"if","locations":[{"start":{"line":56,"column":2},"end":{"line":58,"column":3}},{"start":{},"end":{}}],"line":56}},"s":{"0":6,"1":6,"2":6,"3":6,"4":6,"5":6,"6":6,"7":6,"8":6,"9":6,"10":6,"11":6,"12":6,"13":6,"14":6,"15":6,"16":6,"17":6,"18":1,"19":6,"20":0,"21":0,"22":0,"23":0,"24":0,"25":6},"f":{"0":1,"1":0},"b":{"0":[0,0],"1":[0,0],"2":[0,0]},"_coverageSchema":"1a1c01bbd47fc00a2c39e90264f33305004495a9","hash":"7354793f706369055e1fb9e407982fa199e08a24"}
,"C:\\Users\\Dell\\OneDrive\\Desktop\\CLg\\SEM6\\CCP555\\Fragments\\src\\hash.js": {"path":"C:\\Users\\Dell\\OneDrive\\Desktop\\CLg\\SEM6\\CCP555\\Fragments\\src\\hash.js","statementMap":{"0":{"start":{"line":16,"column":15},"end":{"line":16,"column":32}},"1":{"start":{"line":22,"column":0},"end":{"line":23,"column":58}},"2":{"start":{"line":23,"column":2},"end":{"line":23,"column":57}}},"fnMap":{"0":{"name":"(anonymous_0)","decl":{"start":{"line":22,"column":17},"end":{"line":22,"column":18}},"loc":{"start":{"line":23,"column":2},"end":{"line":23,"column":57}},"line":23}},"branchMap":{},"s":{"0":7,"1":7,"2":29},"f":{"0":29},"b":{},"_coverageSchema":"1a1c01bbd47fc00a2c39e90264f33305004495a9","hash":"74ecd98e62a74a3cc59ee2f6d7f52e3707559680"}
,"C:\\Users\\Dell\\OneDrive\\Desktop\\CLg\\SEM6\\CCP555\\Fragments\\src\\logger.js": {"path":"C:\\Users\\Dell\\OneDrive\\Desktop\\CLg\\SEM6\\CCP555\\Fragments\\src\\logger.js","statementMap":{"0":{"start":{"line":4,"column":16},"end":{"line":4,"column":58}},"1":{"start":{"line":7,"column":0},"end":{"line":15,"column":1}},"2":{"start":{"line":9,"column":2},"end":{"line":14,"column":4}},"3":{"start":{"line":19,"column":0},"end":{"line":19,"column":42}}},"fnMap":{},"branchMap":{"0":{"loc":{"start":{"line":4,"column":25},"end":{"line":4,"column":56}},"type":"binary-expr","locations":[{"start":{"line":4,"column":25},"end":{"line":4,"column":46}},{"start":{"line":4,"column":50},"end":{"line":4,"column":56}}],"line":4},"1":{"loc":{"start":{"line":7,"column":0},"end":{"line":15,"column":1}},"type":"if","locations":[{"start":{"line":7,"column":0},"end":{"line":15,"column":1}},{"start":{},"end":{}}],"line":7}},"s":{"0":7,"1":7,"2":0,"3":7},"f":{},"b":{"0":[7,0],"1":[0,7]},"_coverageSchema":"1a1c01bbd47fc00a2c39e90264f33305004495a9","hash":"20adbc9493209159c9b3e7e3e00420730a3bc614"}
,"C:\\Users\\Dell\\OneDrive\\Desktop\\CLg\\SEM6\\CCP555\\Fragments\\src\\response.js": {"path":"C:\\Users\\Dell\\OneDrive\\Desktop\\CLg\\SEM6\\CCP555\\Fragments\\src\\response.js","statementMap":{"0":{"start":{"line":11,"column":0},"end":{"line":18,"column":2}},"1":{"start":{"line":12,"column":2},"end":{"line":17,"column":4}},"2":{"start":{"line":31,"column":0},"end":{"line":39,"column":2}},"3":{"start":{"line":32,"column":2},"end":{"line":38,"column":4}}},"fnMap":{"0":{"name":"(anonymous_0)","decl":{"start":{"line":11,"column":39},"end":{"line":11,"column":40}},"loc":{"start":{"line":11,"column":55},"end":{"line":18,"column":1}},"line":11},"1":{"name":"(anonymous_1)","decl":{"start":{"line":31,"column":37},"end":{"line":31,"column":38}},"loc":{"start":{"line":31,"column":62},"end":{"line":39,"column":1}},"line":31}},"branchMap":{},"s":{"0":7,"1":9,"2":7,"3":15},"f":{"0":9,"1":15},"b":{},"_coverageSchema":"1a1c01bbd47fc00a2c39e90264f33305004495a9","hash":"3b9f4888c3e541ffb5c9bcceca1f7f6b52ba0eb4"}
,"C:\\Users\\Dell\\OneDrive\\Desktop\\CLg\\SEM6\\CCP555\\Fragments\\src\\auth\\auth-middleware.js": {"path":"C:\\Users\\Dell\\OneDrive\\Desktop\\CLg\\SEM6\\CCP555\\Fragments\\src\\auth\\auth-middleware.js","statementMap":{"0":{"start":{"line":1,"column":17},"end":{"line":1,"column":36}},"1":{"start":{"line":3,"column":32},"end":{"line":3,"column":54}},"2":{"start":{"line":4,"column":13},"end":{"line":4,"column":31}},"3":{"start":{"line":5,"column":15},"end":{"line":5,"column":35}},"4":{"start":{"line":11,"column":0},"end":{"line":62,"column":2}},"5":{"start":{"line":12,"column":2},"end":{"line":61,"column":4}},"6":{"start":{"line":22,"column":6},"end":{"line":25,"column":7}},"7":{"start":{"line":23,"column":8},"end":{"line":23,"column":58}},"8":{"start":{"line":24,"column":8},"end":{"line":24,"column":77}},"9":{"start":{"line":27,"column":6},"end":{"line":27,"column":62}},"10":{"start":{"line":28,"column":6},"end":{"line":28,"column":72}},"11":{"start":{"line":29,"column":6},"end":{"line":29,"column":44}},"12":{"start":{"line":30,"column":25},"end":{"line":30,"column":56}},"13":{"start":{"line":31,"column":33},"end":{"line":31,"column":63}},"14":{"start":{"line":32,"column":33},"end":{"line":35,"column":25}},"15":{"start":{"line":36,"column":6},"end":{"line":38,"column":8}},"16":{"start":{"line":41,"column":6},"end":{"line":44,"column":7}},"17":{"start":{"line":42,"column":8},"end":{"line":42,"column":65}},"18":{"start":{"line":43,"column":8},"end":{"line":43,"column":78}},"19":{"start":{"line":47,"column":6},"end":{"line":47,"column":29}},"20":{"start":{"line":48,"column":6},"end":{"line":48,"column":68}},"21":{"start":{"line":51,"column":6},"end":{"line":51,"column":13}},"22":{"start":{"line":56,"column":4},"end":{"line":60,"column":6}}},"fnMap":{"0":{"name":"(anonymous_0)","decl":{"start":{"line":11,"column":17},"end":{"line":11,"column":18}},"loc":{"start":{"line":11,"column":35},"end":{"line":62,"column":1}},"line":11},"1":{"name":"(anonymous_1)","decl":{"start":{"line":12,"column":9},"end":{"line":12,"column":10}},"loc":{"start":{"line":12,"column":35},"end":{"line":61,"column":3}},"line":12},"2":{"name":"callback","decl":{"start":{"line":20,"column":13},"end":{"line":20,"column":21}},"loc":{"start":{"line":20,"column":34},"end":{"line":52,"column":5}},"line":20}},"branchMap":{"0":{"loc":{"start":{"line":22,"column":6},"end":{"line":25,"column":7}},"type":"if","locations":[{"start":{"line":22,"column":6},"end":{"line":25,"column":7}},{"start":{},"end":{}}],"line":22},"1":{"loc":{"start":{"line":30,"column":25},"end":{"line":30,"column":56}},"type":"binary-expr","locations":[{"start":{"line":30,"column":25},"end":{"line":30,"column":50}},{"start":{"line":30,"column":54},"end":{"line":30,"column":56}}],"line":30},"2":{"loc":{"start":{"line":31,"column":33},"end":{"line":31,"column":63}},"type":"binary-expr","locations":[{"start":{"line":31,"column":33},"end":{"line":31,"column":57}},{"start":{"line":31,"column":61},"end":{"line":31,"column":63}}],"line":31},"3":{"loc":{"start":{"line":41,"column":6},"end":{"line":44,"column":7}},"type":"if","locations":[{"start":{"line":41,"column":6},"end":{"line":44,"column":7}},{"start":{},"end":{}}],"line":41}},"s":{"0":6,"1":6,"2":6,"3":6,"4":6,"5":12,"6":34,"7":0,"8":0,"9":34,"10":34,"11":34,"12":34,"13":34,"14":34,"15":34,"16":34,"17":8,"18":8,"19":26,"20":26,"21":26,"22":34},"f":{"0":12,"1":34,"2":34},"b":{"0":[0,34],"1":[34,4],"2":[34,4],"3":[8,26]},"_coverageSchema":"1a1c01bbd47fc00a2c39e90264f33305004495a9","hash":"08699ddb827a959e0a7cf227d55bdba8cced6d84"}
,"C:\\Users\\Dell\\OneDrive\\Desktop\\CLg\\SEM6\\CCP555\\Fragments\\src\\auth\\basic-auth.js": {"path":"C:\\Users\\Dell\\OneDrive\\Desktop\\CLg\\SEM6\\CCP555\\Fragments\\src\\auth\\basic-auth.js","statementMap":{"0":{"start":{"line":6,"column":13},"end":{"line":6,"column":33}},"1":{"start":{"line":8,"column":21},"end":{"line":8,"column":50}},"2":{"start":{"line":9,"column":18},"end":{"line":9,"column":46}},"3":{"start":{"line":10,"column":15},"end":{"line":10,"column":35}},"4":{"start":{"line":11,"column":0},"end":{"line":11,"column":26}},"5":{"start":{"line":13,"column":0},"end":{"line":15,"column":1}},"6":{"start":{"line":14,"column":2},"end":{"line":14,"column":61}},"7":{"start":{"line":17,"column":0},"end":{"line":24,"column":4}},"8":{"start":{"line":20,"column":2},"end":{"line":24,"column":3}},"9":{"start":{"line":27,"column":0},"end":{"line":27,"column":54}},"10":{"start":{"line":27,"column":36},"end":{"line":27,"column":53}}},"fnMap":{"0":{"name":"(anonymous_0)","decl":{"start":{"line":17,"column":26},"end":{"line":17,"column":27}},"loc":{"start":{"line":20,"column":2},"end":{"line":24,"column":3}},"line":20},"1":{"name":"(anonymous_1)","decl":{"start":{"line":27,"column":30},"end":{"line":27,"column":31}},"loc":{"start":{"line":27,"column":36},"end":{"line":27,"column":53}},"line":27}},"branchMap":{"0":{"loc":{"start":{"line":13,"column":0},"end":{"line":15,"column":1}},"type":"if","locations":[{"start":{"line":13,"column":0},"end":{"line":15,"column":1}},{"start":{},"end":{}}],"line":13}},"s":{"0":6,"1":6,"2":6,"3":6,"4":6,"5":6,"6":0,"7":6,"8":6,"9":6,"10":12},"f":{"0":6,"1":12},"b":{"0":[0,6]},"_coverageSchema":"1a1c01bbd47fc00a2c39e90264f33305004495a9","hash":"7a744890215eb118d4d371be7f37110803d3f169"}
,"C:\\Users\\Dell\\OneDrive\\Desktop\\CLg\\SEM6\\CCP555\\Fragments\\src\\auth\\index.js": {"path":"C:\\Users\\Dell\\OneDrive\\Desktop\\CLg\\SEM6\\CCP555\\Fragments\\src\\auth\\index.js","statementMap":{"0":{"start":{"line":4,"column":0},"end":{"line":14,"column":1}},"1":{"start":{"line":5,"column":2},"end":{"line":5,"column":40}},"2":{"start":{"line":8,"column":5},"end":{"line":14,"column":1}},"3":{"start":{"line":9,"column":2},"end":{"line":9,"column":43}},"4":{"start":{"line":13,"column":2},"end":{"line":13,"column":76}}},"fnMap":{},"branchMap":{"0":{"loc":{"start":{"line":4,"column":0},"end":{"line":14,"column":1}},"type":"if","locations":[{"start":{"line":4,"column":0},"end":{"line":14,"column":1}},{"start":{"line":8,"column":5},"end":{"line":14,"column":1}}],"line":4},"1":{"loc":{"start":{"line":4,"column":4},"end":{"line":4,"column":72}},"type":"binary-expr","locations":[{"start":{"line":4,"column":4},"end":{"line":4,"column":35}},{"start":{"line":4,"column":39},"end":{"line":4,"column":72}}],"line":4},"2":{"loc":{"start":{"line":8,"column":5},"end":{"line":14,"column":1}},"type":"if","locations":[{"start":{"line":8,"column":5},"end":{"line":14,"column":1}},{"start":{"line":12,"column":5},"end":{"line":14,"column":1}}],"line":8},"3":{"loc":{"start":{"line":8,"column":9},"end":{"line":8,"column":71}},"type":"binary-expr","locations":[{"start":{"line":8,"column":9},"end":{"line":8,"column":34}},{"start":{"line":8,"column":38},"end":{"line":8,"column":71}}],"line":8}},"s":{"0":6,"1":0,"2":6,"3":6,"4":0},"f":{},"b":{"0":[0,6],"1":[6,0],"2":[6,0],"3":[6,6]},"_coverageSchema":"1a1c01bbd47fc00a2c39e90264f33305004495a9","hash":"857d04f8c8aba7097c5de03b84f961ac2563ffbf"}
,"C:\\Users\\Dell\\OneDrive\\Desktop\\CLg\\SEM6\\CCP555\\Fragments\\src\\model\\fragment.js": {"path":"C:\\Users\\Dell\\OneDrive\\Desktop\\CLg\\SEM6\\CCP555\\Fragments\\src\\model\\fragment.js","statementMap":{"0":{"start":{"line":1,"column":23},"end":{"line":1,"column":40}},"1":{"start":{"line":2,"column":20},"end":{"line":2,"column":43}},"2":{"start":{"line":10,"column":4},"end":{"line":10,"column":21}},"3":{"start":{"line":11,"column":15},"end":{"line":11,"column":42}},"4":{"start":{"line":22,"column":4},"end":{"line":25,"column":5}},"5":{"start":{"line":23,"column":6},"end":{"line":23,"column":52}},"6":{"start":{"line":24,"column":6},"end":{"line":24,"column":55}},"7":{"start":{"line":26,"column":4},"end":{"line":29,"column":5}},"8":{"start":{"line":27,"column":6},"end":{"line":27,"column":57}},"9":{"start":{"line":28,"column":6},"end":{"line":28,"column":60}},"10":{"start":{"line":30,"column":4},"end":{"line":33,"column":5}},"11":{"start":{"line":31,"column":6},"end":{"line":31,"column":47}},"12":{"start":{"line":32,"column":6},"end":{"line":32,"column":51}},"13":{"start":{"line":35,"column":4},"end":{"line":35,"column":17}},"14":{"start":{"line":36,"column":4},"end":{"line":36,"column":27}},"15":{"start":{"line":37,"column":4},"end":{"line":37,"column":27}},"16":{"start":{"line":38,"column":4},"end":{"line":38,"column":27}},"17":{"start":{"line":39,"column":4},"end":{"line":39,"column":21}},"18":{"start":{"line":40,"column":4},"end":{"line":40,"column":21}},"19":{"start":{"line":61,"column":4},"end":{"line":75,"column":5}},"20":{"start":{"line":62,"column":24},"end":{"line":62,"column":60}},"21":{"start":{"line":63,"column":6},"end":{"line":65,"column":7}},"22":{"start":{"line":64,"column":8},"end":{"line":64,"column":18}},"23":{"start":{"line":66,"column":6},"end":{"line":68,"column":7}},"24":{"start":{"line":67,"column":8},"end":{"line":67,"column":25}},"25":{"start":{"line":69,"column":6},"end":{"line":69,"column":73}},"26":{"start":{"line":69,"column":45},"end":{"line":69,"column":71}},"27":{"start":{"line":71,"column":6},"end":{"line":73,"column":8}},"28":{"start":{"line":74,"column":6},"end":{"line":74,"column":16}},"29":{"start":{"line":79,"column":4},"end":{"line":85,"column":5}},"30":{"start":{"line":80,"column":27},"end":{"line":80,"column":58}},"31":{"start":{"line":81,"column":6},"end":{"line":81,"column":40}},"32":{"start":{"line":83,"column":6},"end":{"line":83,"column":76}},"33":{"start":{"line":84,"column":6},"end":{"line":84,"column":16}},"34":{"start":{"line":89,"column":4},"end":{"line":94,"column":5}},"35":{"start":{"line":90,"column":6},"end":{"line":90,"column":41}},"36":{"start":{"line":92,"column":6},"end":{"line":92,"column":76}},"37":{"start":{"line":93,"column":6},"end":{"line":93,"column":16}},"38":{"start":{"line":98,"column":4},"end":{"line":98,"column":44}},"39":{"start":{"line":99,"column":4},"end":{"line":104,"column":5}},"40":{"start":{"line":100,"column":6},"end":{"line":100,"column":33}},"41":{"start":{"line":102,"column":6},"end":{"line":102,"column":79}},"42":{"start":{"line":103,"column":6},"end":{"line":103,"column":16}},"43":{"start":{"line":108,"column":4},"end":{"line":115,"column":5}},"44":{"start":{"line":109,"column":6},"end":{"line":109,"column":53}},"45":{"start":{"line":111,"column":6},"end":{"line":113,"column":8}},"46":{"start":{"line":114,"column":6},"end":{"line":114,"column":16}},"47":{"start":{"line":119,"column":4},"end":{"line":122,"column":5}},"48":{"start":{"line":120,"column":6},"end":{"line":120,"column":44}},"49":{"start":{"line":121,"column":6},"end":{"line":121,"column":47}},"50":{"start":{"line":123,"column":4},"end":{"line":123,"column":28}},"51":{"start":{"line":124,"column":4},"end":{"line":124,"column":44}},"52":{"start":{"line":125,"column":4},"end":{"line":133,"column":5}},"53":{"start":{"line":126,"column":6},"end":{"line":126,"column":24}},"54":{"start":{"line":127,"column":6},"end":{"line":127,"column":59}},"55":{"start":{"line":129,"column":6},"end":{"line":131,"column":8}},"56":{"start":{"line":132,"column":6},"end":{"line":132,"column":16}},"57":{"start":{"line":137,"column":21},"end":{"line":137,"column":49}},"58":{"start":{"line":138,"column":4},"end":{"line":138,"column":16}},"59":{"start":{"line":142,"column":4},"end":{"line":142,"column":45}},"60":{"start":{"line":146,"column":4},"end":{"line":146,"column":27}},"61":{"start":{"line":150,"column":21},"end":{"line":150,"column":45}},"62":{"start":{"line":151,"column":27},"end":{"line":151,"column":61}},"63":{"start":{"line":152,"column":4},"end":{"line":152,"column":69}},"64":{"start":{"line":156,"column":0},"end":{"line":156,"column":35}}},"fnMap":{"0":{"name":"(anonymous_0)","decl":{"start":{"line":14,"column":2},"end":{"line":14,"column":3}},"loc":{"start":{"line":21,"column":5},"end":{"line":41,"column":3}},"line":21},"1":{"name":"(anonymous_1)","decl":{"start":{"line":60,"column":2},"end":{"line":60,"column":3}},"loc":{"start":{"line":60,"column":47},"end":{"line":76,"column":3}},"line":60},"2":{"name":"(anonymous_2)","decl":{"start":{"line":69,"column":27},"end":{"line":69,"column":28}},"loc":{"start":{"line":69,"column":45},"end":{"line":69,"column":71}},"line":69},"3":{"name":"(anonymous_3)","decl":{"start":{"line":78,"column":2},"end":{"line":78,"column":3}},"loc":{"start":{"line":78,"column":33},"end":{"line":86,"column":3}},"line":78},"4":{"name":"(anonymous_4)","decl":{"start":{"line":88,"column":2},"end":{"line":88,"column":3}},"loc":{"start":{"line":88,"column":29},"end":{"line":95,"column":3}},"line":88},"5":{"name":"(anonymous_5)","decl":{"start":{"line":97,"column":2},"end":{"line":97,"column":3}},"loc":{"start":{"line":97,"column":9},"end":{"line":105,"column":3}},"line":97},"6":{"name":"(anonymous_6)","decl":{"start":{"line":107,"column":2},"end":{"line":107,"column":3}},"loc":{"start":{"line":107,"column":12},"end":{"line":116,"column":3}},"line":107},"7":{"name":"(anonymous_7)","decl":{"start":{"line":118,"column":2},"end":{"line":118,"column":3}},"loc":{"start":{"line":118,"column":22},"end":{"line":134,"column":3}},"line":118},"8":{"name":"(anonymous_8)","decl":{"start":{"line":136,"column":2},"end":{"line":136,"column":3}},"loc":{"start":{"line":136,"column":17},"end":{"line":139,"column":3}},"line":136},"9":{"name":"(anonymous_9)","decl":{"start":{"line":141,"column":2},"end":{"line":141,"column":3}},"loc":{"start":{"line":141,"column":15},"end":{"line":143,"column":3}},"line":141},"10":{"name":"(anonymous_10)","decl":{"start":{"line":145,"column":2},"end":{"line":145,"column":3}},"loc":{"start":{"line":145,"column":16},"end":{"line":147,"column":3}},"line":145},"11":{"name":"(anonymous_11)","decl":{"start":{"line":149,"column":2},"end":{"line":149,"column":3}},"loc":{"start":{"line":149,"column":32},"end":{"line":153,"column":3}},"line":149}},"branchMap":{"0":{"loc":{"start":{"line":15,"column":4},"end":{"line":15,"column":21}},"type":"default-arg","locations":[{"start":{"line":15,"column":9},"end":{"line":15,"column":21}}],"line":15},"1":{"loc":{"start":{"line":17,"column":4},"end":{"line":17,"column":38}},"type":"default-arg","locations":[{"start":{"line":17,"column":14},"end":{"line":17,"column":38}}],"line":17},"2":{"loc":{"start":{"line":18,"column":4},"end":{"line":18,"column":38}},"type":"default-arg","locations":[{"start":{"line":18,"column":14},"end":{"line":18,"column":38}}],"line":18},"3":{"loc":{"start":{"line":20,"column":4},"end":{"line":20,"column":12}},"type":"default-arg","locations":[{"start":{"line":20,"column":11},"end":{"line":20,"column":12}}],"line":20},"4":{"loc":{"start":{"line":22,"column":4},"end":{"line":25,"column":5}},"type":"if","locations":[{"start":{"line":22,"column":4},"end":{"line":25,"column":5}},{"start":{},"end":{}}],"line":22},"5":{"loc":{"start":{"line":22,"column":8},"end":{"line":22,"column":25}},"type":"binary-expr","locations":[{"start":{"line":22,"column":8},"end":{"line":22,"column":16}},{"start":{"line":22,"column":20},"end":{"line":22,"column":25}}],"line":22},"6":{"loc":{"start":{"line":26,"column":4},"end":{"line":29,"column":5}},"type":"if","locations":[{"start":{"line":26,"column":4},"end":{"line":29,"column":5}},{"start":{},"end":{}}],"line":26},"7":{"loc":{"start":{"line":26,"column":8},"end":{"line":26,"column":44}},"type":"binary-expr","locations":[{"start":{"line":26,"column":8},"end":{"line":26,"column":32}},{"start":{"line":26,"column":36},"end":{"line":26,"column":44}}],"line":26},"8":{"loc":{"start":{"line":30,"column":4},"end":{"line":33,"column":5}},"type":"if","locations":[{"start":{"line":30,"column":4},"end":{"line":33,"column":5}},{"start":{},"end":{}}],"line":30},"9":{"loc":{"start":{"line":60,"column":31},"end":{"line":60,"column":45}},"type":"default-arg","locations":[{"start":{"line":60,"column":40},"end":{"line":60,"column":45}}],"line":60},"10":{"loc":{"start":{"line":63,"column":6},"end":{"line":65,"column":7}},"type":"if","locations":[{"start":{"line":63,"column":6},"end":{"line":65,"column":7}},{"start":{},"end":{}}],"line":63},"11":{"loc":{"start":{"line":66,"column":6},"end":{"line":68,"column":7}},"type":"if","locations":[{"start":{"line":66,"column":6},"end":{"line":68,"column":7}},{"start":{},"end":{}}],"line":66},"12":{"loc":{"start":{"line":119,"column":4},"end":{"line":122,"column":5}},"type":"if","locations":[{"start":{"line":119,"column":4},"end":{"line":122,"column":5}},{"start":{},"end":{}}],"line":119},"13":{"loc":{"start":{"line":152,"column":11},"end":{"line":152,"column":68}},"type":"binary-expr","locations":[{"start":{"line":152,"column":11},"end":{"line":152,"column":40}},{"start":{"line":152,"column":44},"end":{"line":152,"column":68}}],"line":152}},"s":{"0":7,"1":7,"2":7,"3":7,"4":34,"5":3,"6":3,"7":31,"8":2,"9":2,"10":29,"11":1,"12":1,"13":28,"14":28,"15":28,"16":28,"17":28,"18":28,"19":4,"20":4,"21":4,"22":2,"23":2,"24":1,"25":1,"26":1,"27":0,"28":0,"29":5,"30":5,"31":5,"32":1,"33":1,"34":1,"35":1,"36":0,"37":0,"38":18,"39":18,"40":18,"41":0,"42":0,"43":1,"44":1,"45":0,"46":0,"47":10,"48":1,"49":1,"50":9,"51":9,"52":9,"53":9,"54":9,"55":0,"56":0,"57":4,"58":4,"59":1,"60":1,"61":44,"62":44,"63":44,"64":7},"f":{"0":34,"1":4,"2":1,"3":5,"4":1,"5":18,"6":1,"7":10,"8":4,"9":1,"10":1,"11":44},"b":{"0":[28],"1":[29],"2":[29],"3":[2],"4":[3,31],"5":[34,32],"6":[2,29],"7":[31,30],"8":[1,28],"9":[2],"10":[2,2],"11":[1,1],"12":[1,9],"13":[44,7]},"_coverageSchema":"1a1c01bbd47fc00a2c39e90264f33305004495a9","hash":"556905e3c32d77ecf31c56c8d5ea5361a01abd60"}
,"C:\\Users\\Dell\\OneDrive\\Desktop\\CLg\\SEM6\\CCP555\\Fragments\\src\\model\\data\\index.js": {"path":"C:\\Users\\Dell\\OneDrive\\Desktop\\CLg\\SEM6\\CCP555\\Fragments\\src\\model\\data\\index.js","statementMap":{"0":{"start":{"line":1,"column":0},"end":{"line":1,"column":37}}},"fnMap":{},"branchMap":{},"s":{"0":7},"f":{},"b":{},"_coverageSchema":"1a1c01bbd47fc00a2c39e90264f33305004495a9","hash":"227f6836ab721e281224b9460910556afe69b0a6"}
,"C:\\Users\\Dell\\OneDrive\\Desktop\\CLg\\SEM6\\CCP555\\Fragments\\src\\model\\data\\memory\\index.js": {"path":"C:\\Users\\Dell\\OneDrive\\Desktop\\CLg\\SEM6\\CCP555\\Fragments\\src\\model\\data\\memory\\index.js","statementMap":{"0":{"start":{"line":1,"column":17},"end":{"line":1,"column":39}},"1":{"start":{"line":4,"column":13},"end":{"line":4,"column":27}},"2":{"start":{"line":5,"column":17},"end":{"line":5,"column":31}},"3":{"start":{"line":9,"column":2},"end":{"line":9,"column":63}},"4":{"start":{"line":14,"column":2},"end":{"line":14,"column":35}},"5":{"start":{"line":19,"column":2},"end":{"line":19,"column":39}},"6":{"start":{"line":24,"column":2},"end":{"line":24,"column":31}},"7":{"start":{"line":41,"column":20},"end":{"line":41,"column":49}},"8":{"start":{"line":43,"column":2},"end":{"line":45,"column":3}},"9":{"start":{"line":44,"column":4},"end":{"line":44,"column":14}},"10":{"start":{"line":47,"column":2},"end":{"line":49,"column":3}},"11":{"start":{"line":48,"column":4},"end":{"line":48,"column":61}},"12":{"start":{"line":48,"column":42},"end":{"line":48,"column":59}},"13":{"start":{"line":52,"column":2},"end":{"line":54,"column":36}},"14":{"start":{"line":53,"column":26},"end":{"line":53,"column":43}},"15":{"start":{"line":54,"column":23},"end":{"line":54,"column":34}},"16":{"start":{"line":59,"column":2},"end":{"line":64,"column":5}},"17":{"start":{"line":67,"column":0},"end":{"line":74,"column":2}}},"fnMap":{"0":{"name":"writeFragment","decl":{"start":{"line":8,"column":9},"end":{"line":8,"column":22}},"loc":{"start":{"line":8,"column":33},"end":{"line":10,"column":1}},"line":8},"1":{"name":"readFragment","decl":{"start":{"line":13,"column":9},"end":{"line":13,"column":21}},"loc":{"start":{"line":13,"column":35},"end":{"line":15,"column":1}},"line":13},"2":{"name":"writeFragmentData","decl":{"start":{"line":18,"column":9},"end":{"line":18,"column":26}},"loc":{"start":{"line":18,"column":48},"end":{"line":20,"column":1}},"line":18},"3":{"name":"readFragmentData","decl":{"start":{"line":23,"column":9},"end":{"line":23,"column":25}},"loc":{"start":{"line":23,"column":39},"end":{"line":25,"column":1}},"line":23},"4":{"name":"listFragments","decl":{"start":{"line":40,"column":15},"end":{"line":40,"column":28}},"loc":{"start":{"line":40,"column":54},"end":{"line":55,"column":1}},"line":40},"5":{"name":"(anonymous_5)","decl":{"start":{"line":48,"column":28},"end":{"line":48,"column":29}},"loc":{"start":{"line":48,"column":42},"end":{"line":48,"column":59}},"line":48},"6":{"name":"(anonymous_6)","decl":{"start":{"line":53,"column":12},"end":{"line":53,"column":13}},"loc":{"start":{"line":53,"column":26},"end":{"line":53,"column":43}},"line":53},"7":{"name":"(anonymous_7)","decl":{"start":{"line":54,"column":9},"end":{"line":54,"column":10}},"loc":{"start":{"line":54,"column":23},"end":{"line":54,"column":34}},"line":54},"8":{"name":"deleteFragment","decl":{"start":{"line":58,"column":9},"end":{"line":58,"column":23}},"loc":{"start":{"line":58,"column":37},"end":{"line":65,"column":1}},"line":58}},"branchMap":{"0":{"loc":{"start":{"line":40,"column":38},"end":{"line":40,"column":52}},"type":"default-arg","locations":[{"start":{"line":40,"column":47},"end":{"line":40,"column":52}}],"line":40},"1":{"loc":{"start":{"line":43,"column":2},"end":{"line":45,"column":3}},"type":"if","locations":[{"start":{"line":43,"column":2},"end":{"line":45,"column":3}},{"start":{},"end":{}}],"line":43},"2":{"loc":{"start":{"line":43,"column":6},"end":{"line":43,"column":42}},"type":"binary-expr","locations":[{"start":{"line":43,"column":6},"end":{"line":43,"column":16}},{"start":{"line":43,"column":20},"end":{"line":43,"column":42}}],"line":43},"3":{"loc":{"start":{"line":47,"column":2},"end":{"line":49,"column":3}},"type":"if","locations":[{"start":{"line":47,"column":2},"end":{"line":49,"column":3}},{"start":{},"end":{}}],"line":47}},"s":{"0":8,"1":8,"2":8,"3":20,"4":7,"5":11,"6":3,"7":4,"8":4,"9":2,"10":2,"11":1,"12":1,"13":1,"14":1,"15":1,"16":1,"17":8},"f":{"0":20,"1":7,"2":11,"3":3,"4":4,"5":1,"6":1,"7":1,"8":1},"b":{"0":[0],"1":[2,2],"2":[4,4],"3":[1,1]},"_coverageSchema":"1a1c01bbd47fc00a2c39e90264f33305004495a9","hash":"48a5e8724a6250b5d35a076c084e0fe705e97f9d"}
,"C:\\Users\\Dell\\OneDrive\\Desktop\\CLg\\SEM6\\CCP555\\Fragments\\src\\model\\data\\memory\\memory-db.js": {"path":"C:\\Users\\Dell\\OneDrive\\Desktop\\CLg\\SEM6\\CCP555\\Fragments\\src\\model\\data\\memory\\memory-db.js","statementMap":{"0":{"start":{"line":1,"column":20},"end":{"line":1,"column":52}},"1":{"start":{"line":1,"column":29},"end":{"line":1,"column":52}},"2":{"start":{"line":6,"column":4},"end":{"line":6,"column":17}},"3":{"start":{"line":16,"column":4},"end":{"line":20,"column":5}},"4":{"start":{"line":17,"column":6},"end":{"line":19,"column":8}},"5":{"start":{"line":22,"column":15},"end":{"line":22,"column":22}},"6":{"start":{"line":23,"column":18},"end":{"line":23,"column":64}},"7":{"start":{"line":24,"column":4},"end":{"line":24,"column":34}},"8":{"start":{"line":34,"column":4},"end":{"line":38,"column":5}},"9":{"start":{"line":35,"column":6},"end":{"line":37,"column":8}},"10":{"start":{"line":40,"column":15},"end":{"line":40,"column":22}},"11":{"start":{"line":42,"column":4},"end":{"line":42,"column":42}},"12":{"start":{"line":44,"column":4},"end":{"line":44,"column":41}},"13":{"start":{"line":45,"column":4},"end":{"line":45,"column":29}},"14":{"start":{"line":55,"column":4},"end":{"line":59,"column":5}},"15":{"start":{"line":56,"column":6},"end":{"line":58,"column":8}},"16":{"start":{"line":62,"column":15},"end":{"line":62,"column":22}},"17":{"start":{"line":63,"column":19},"end":{"line":63,"column":70}},"18":{"start":{"line":64,"column":4},"end":{"line":64,"column":35}},"19":{"start":{"line":74,"column":4},"end":{"line":78,"column":5}},"20":{"start":{"line":75,"column":6},"end":{"line":77,"column":8}},"21":{"start":{"line":81,"column":4},"end":{"line":85,"column":5}},"22":{"start":{"line":82,"column":6},"end":{"line":84,"column":8}},"23":{"start":{"line":87,"column":15},"end":{"line":87,"column":22}},"24":{"start":{"line":88,"column":4},"end":{"line":88,"column":40}},"25":{"start":{"line":89,"column":4},"end":{"line":89,"column":29}},"26":{"start":{"line":93,"column":0},"end":{"line":93,"column":26}}},"fnMap":{"0":{"name":"(anonymous_0)","decl":{"start":{"line":1,"column":20},"end":{"line":1,"column":21}},"loc":{"start":{"line":1,"column":29},"end":{"line":1,"column":52}},"line":1},"1":{"name":"(anonymous_1)","decl":{"start":{"line":4,"column":2},"end":{"line":4,"column":3}},"loc":{"start":{"line":4,"column":16},"end":{"line":7,"column":3}},"line":4},"2":{"name":"(anonymous_2)","decl":{"start":{"line":15,"column":2},"end":{"line":15,"column":3}},"loc":{"start":{"line":15,"column":32},"end":{"line":25,"column":3}},"line":15},"3":{"name":"(anonymous_3)","decl":{"start":{"line":33,"column":2},"end":{"line":33,"column":3}},"loc":{"start":{"line":33,"column":39},"end":{"line":46,"column":3}},"line":33},"4":{"name":"(anonymous_4)","decl":{"start":{"line":54,"column":2},"end":{"line":54,"column":3}},"loc":{"start":{"line":54,"column":20},"end":{"line":65,"column":3}},"line":54},"5":{"name":"(anonymous_5)","decl":{"start":{"line":73,"column":2},"end":{"line":73,"column":3}},"loc":{"start":{"line":73,"column":38},"end":{"line":90,"column":3}},"line":73}},"branchMap":{"0":{"loc":{"start":{"line":16,"column":4},"end":{"line":20,"column":5}},"type":"if","locations":[{"start":{"line":16,"column":4},"end":{"line":20,"column":5}},{"start":{},"end":{}}],"line":16},"1":{"loc":{"start":{"line":16,"column":10},"end":{"line":16,"column":62}},"type":"binary-expr","locations":[{"start":{"line":16,"column":10},"end":{"line":16,"column":33}},{"start":{"line":16,"column":37},"end":{"line":16,"column":62}}],"line":16},"2":{"loc":{"start":{"line":23,"column":18},"end":{"line":23,"column":64}},"type":"binary-expr","locations":[{"start":{"line":23,"column":18},"end":{"line":23,"column":32}},{"start":{"line":23,"column":36},"end":{"line":23,"column":64}}],"line":23},"3":{"loc":{"start":{"line":34,"column":4},"end":{"line":38,"column":5}},"type":"if","locations":[{"start":{"line":34,"column":4},"end":{"line":38,"column":5}},{"start":{},"end":{}}],"line":34},"4":{"loc":{"start":{"line":34,"column":10},"end":{"line":34,"column":62}},"type":"binary-expr","locations":[{"start":{"line":34,"column":10},"end":{"line":34,"column":33}},{"start":{"line":34,"column":37},"end":{"line":34,"column":62}}],"line":34},"5":{"loc":{"start":{"line":42,"column":21},"end":{"line":42,"column":41}},"type":"binary-expr","locations":[{"start":{"line":42,"column":21},"end":{"line":42,"column":35}},{"start":{"line":42,"column":39},"end":{"line":42,"column":41}}],"line":42},"6":{"loc":{"start":{"line":55,"column":4},"end":{"line":59,"column":5}},"type":"if","locations":[{"start":{"line":55,"column":4},"end":{"line":59,"column":5}},{"start":{},"end":{}}],"line":55},"7":{"loc":{"start":{"line":63,"column":19},"end":{"line":63,"column":70}},"type":"cond-expr","locations":[{"start":{"line":63,"column":36},"end":{"line":63,"column":65}},{"start":{"line":63,"column":68},"end":{"line":63,"column":70}}],"line":63},"8":{"loc":{"start":{"line":74,"column":4},"end":{"line":78,"column":5}},"type":"if","locations":[{"start":{"line":74,"column":4},"end":{"line":78,"column":5}},{"start":{},"end":{}}],"line":74},"9":{"loc":{"start":{"line":74,"column":10},"end":{"line":74,"column":62}},"type":"binary-expr","locations":[{"start":{"line":74,"column":10},"end":{"line":74,"column":33}},{"start":{"line":74,"column":37},"end":{"line":74,"column":62}}],"line":74},"10":{"loc":{"start":{"line":81,"column":4},"end":{"line":85,"column":5}},"type":"if","locations":[{"start":{"line":81,"column":4},"end":{"line":85,"column":5}},{"start":{},"end":{}}],"line":81}},"s":{"0":9,"1":147,"2":28,"3":22,"4":3,"5":19,"6":19,"7":19,"8":45,"9":3,"10":42,"11":42,"12":42,"13":42,"14":8,"15":2,"16":6,"17":6,"18":6,"19":7,"20":3,"21":4,"22":1,"23":3,"24":3,"25":3,"26":9},"f":{"0":147,"1":28,"2":22,"3":45,"4":8,"5":7},"b":{"0":[3,19],"1":[22,19],"2":[19,18],"3":[3,42],"4":[45,42],"5":[42,19],"6":[2,6],"7":[3,3],"8":[3,4],"9":[7,4],"10":[1,3]},"_coverageSchema":"1a1c01bbd47fc00a2c39e90264f33305004495a9","hash":"d0b35b3eb320797064e653fe0207766c716f2042"}
,"C:\\Users\\Dell\\OneDrive\\Desktop\\CLg\\SEM6\\CCP555\\Fragments\\src\\routes\\index.js": {"path":"C:\\Users\\Dell\\OneDrive\\Desktop\\CLg\\SEM6\\CCP555\\Fragments\\src\\routes\\index.js","statementMap":{"0":{"start":{"line":3,"column":16},"end":{"line":3,"column":34}},"1":{"start":{"line":6,"column":28},"end":{"line":6,"column":57}},"2":{"start":{"line":9,"column":15},"end":{"line":9,"column":31}},"3":{"start":{"line":12,"column":25},"end":{"line":12,"column":43}},"4":{"start":{"line":13,"column":34},"end":{"line":13,"column":56}},"5":{"start":{"line":18,"column":0},"end":{"line":18,"column":52}},"6":{"start":{"line":26,"column":0},"end":{"line":40,"column":3}},"7":{"start":{"line":29,"column":2},"end":{"line":29,"column":45}},"8":{"start":{"line":32,"column":15},"end":{"line":38,"column":3}},"9":{"start":{"line":39,"column":2},"end":{"line":39,"column":52}},"10":{"start":{"line":42,"column":0},"end":{"line":42,"column":24}}},"fnMap":{"0":{"name":"(anonymous_0)","decl":{"start":{"line":26,"column":16},"end":{"line":26,"column":17}},"loc":{"start":{"line":26,"column":30},"end":{"line":40,"column":1}},"line":26}},"branchMap":{},"s":{"0":6,"1":6,"2":6,"3":6,"4":6,"5":6,"6":6,"7":4,"8":4,"9":4,"10":6},"f":{"0":4},"b":{},"_coverageSchema":"1a1c01bbd47fc00a2c39e90264f33305004495a9","hash":"604e9550bbdd22ba3e631a985b62b44d9f697ba6"}
,"C:\\Users\\Dell\\OneDrive\\Desktop\\CLg\\SEM6\\CCP555\\Fragments\\src\\routes\\api\\get.js": {"path":"C:\\Users\\Dell\\OneDrive\\Desktop\\CLg\\SEM6\\CCP555\\Fragments\\src\\routes\\api\\get.js","statementMap":{"0":{"start":{"line":18,"column":21},"end":{"line":18,"column":52}},"1":{"start":{"line":22,"column":4},"end":{"line":22,"column":29}},"2":{"start":{"line":24,"column":0},"end":{"line":43,"column":2}},"3":{"start":{"line":25,"column":18},"end":{"line":25,"column":26}},"4":{"start":{"line":26,"column":17},"end":{"line":26,"column":41}},"5":{"start":{"line":28,"column":2},"end":{"line":42,"column":3}},"6":{"start":{"line":29,"column":20},"end":{"line":29,"column":58}},"7":{"start":{"line":31,"column":4},"end":{"line":33,"column":5}},"8":{"start":{"line":32,"column":6},"end":{"line":32,"column":59}},"9":{"start":{"line":32,"column":46},"end":{"line":32,"column":57}},"10":{"start":{"line":35,"column":4},"end":{"line":39,"column":6}},"11":{"start":{"line":41,"column":4},"end":{"line":41,"column":66}}},"fnMap":{"0":{"name":"(anonymous_0)","decl":{"start":{"line":24,"column":17},"end":{"line":24,"column":18}},"loc":{"start":{"line":24,"column":37},"end":{"line":43,"column":1}},"line":24},"1":{"name":"(anonymous_1)","decl":{"start":{"line":32,"column":32},"end":{"line":32,"column":33}},"loc":{"start":{"line":32,"column":46},"end":{"line":32,"column":57}},"line":32}},"branchMap":{"0":{"loc":{"start":{"line":31,"column":4},"end":{"line":33,"column":5}},"type":"if","locations":[{"start":{"line":31,"column":4},"end":{"line":33,"column":5}},{"start":{},"end":{}}],"line":31}},"s":{"0":6,"1":6,"2":6,"3":2,"4":2,"5":2,"6":2,"7":2,"8":1,"9":0,"10":2,"11":0},"f":{"0":2,"1":0},"b":{"0":[1,1]},"_coverageSchema":"1a1c01bbd47fc00a2c39e90264f33305004495a9","hash":"35fbbc555ee757e5692a87ca7c6034a6b71146e2"}
,"C:\\Users\\Dell\\OneDrive\\Desktop\\CLg\\SEM6\\CCP555\\Fragments\\src\\routes\\api\\getById.js": {"path":"C:\\Users\\Dell\\OneDrive\\Desktop\\CLg\\SEM6\\CCP555\\Fragments\\src\\routes\\api\\getById.js","statementMap":{"0":{"start":{"line":2,"column":21},"end":{"line":2,"column":52}},"1":{"start":{"line":3,"column":15},"end":{"line":3,"column":38}},"2":{"start":{"line":4,"column":32},"end":{"line":4,"column":57}},"3":{"start":{"line":5,"column":13},"end":{"line":5,"column":34}},"4":{"start":{"line":6,"column":17},"end":{"line":6,"column":41}},"5":{"start":{"line":8,"column":0},"end":{"line":56,"column":2}},"6":{"start":{"line":9,"column":2},"end":{"line":55,"column":3}},"7":{"start":{"line":10,"column":19},"end":{"line":10,"column":29}},"8":{"start":{"line":11,"column":20},"end":{"line":11,"column":28}},"9":{"start":{"line":13,"column":19},"end":{"line":13,"column":51}},"10":{"start":{"line":15,"column":4},"end":{"line":19,"column":5}},"11":{"start":{"line":16,"column":6},"end":{"line":18,"column":62}},"12":{"start":{"line":21,"column":15},"end":{"line":21,"column":39}},"13":{"start":{"line":22,"column":19},"end":{"line":22,"column":32}},"14":{"start":{"line":25,"column":20},"end":{"line":25,"column":33}},"15":{"start":{"line":26,"column":4},"end":{"line":48,"column":5}},"16":{"start":{"line":27,"column":33},"end":{"line":27,"column":46}},"17":{"start":{"line":28,"column":32},"end":{"line":28,"column":63}},"18":{"start":{"line":30,"column":6},"end":{"line":34,"column":7}},"19":{"start":{"line":31,"column":8},"end":{"line":33,"column":68}},"20":{"start":{"line":37,"column":6},"end":{"line":47,"column":7}},"21":{"start":{"line":41,"column":8},"end":{"line":41,"column":48}},"22":{"start":{"line":42,"column":8},"end":{"line":42,"column":31}},"23":{"start":{"line":43,"column":13},"end":{"line":47,"column":7}},"24":{"start":{"line":44,"column":8},"end":{"line":46,"column":68}},"25":{"start":{"line":50,"column":4},"end":{"line":50,"column":44}},"26":{"start":{"line":51,"column":4},"end":{"line":51,"column":31}},"27":{"start":{"line":53,"column":4},"end":{"line":53,"column":24}},"28":{"start":{"line":54,"column":4},"end":{"line":54,"column":66}}},"fnMap":{"0":{"name":"(anonymous_0)","decl":{"start":{"line":8,"column":17},"end":{"line":8,"column":18}},"loc":{"start":{"line":8,"column":37},"end":{"line":56,"column":1}},"line":8}},"branchMap":{"0":{"loc":{"start":{"line":15,"column":4},"end":{"line":19,"column":5}},"type":"if","locations":[{"start":{"line":15,"column":4},"end":{"line":19,"column":5}},{"start":{},"end":{}}],"line":15},"1":{"loc":{"start":{"line":26,"column":4},"end":{"line":48,"column":5}},"type":"if","locations":[{"start":{"line":26,"column":4},"end":{"line":48,"column":5}},{"start":{},"end":{}}],"line":26},"2":{"loc":{"start":{"line":30,"column":6},"end":{"line":34,"column":7}},"type":"if","locations":[{"start":{"line":30,"column":6},"end":{"line":34,"column":7}},{"start":{},"end":{}}],"line":30},"3":{"loc":{"start":{"line":37,"column":6},"end":{"line":47,"column":7}},"type":"if","locations":[{"start":{"line":37,"column":6},"end":{"line":47,"column":7}},{"start":{"line":43,"column":13},"end":{"line":47,"column":7}}],"line":37},"4":{"loc":{"start":{"line":38,"column":8},"end":{"line":39,"column":41}},"type":"binary-expr","locations":[{"start":{"line":38,"column":8},"end":{"line":38,"column":41}},{"start":{"line":39,"column":8},"end":{"line":39,"column":41}}],"line":38},"5":{"loc":{"start":{"line":43,"column":13},"end":{"line":47,"column":7}},"type":"if","locations":[{"start":{"line":43,"column":13},"end":{"line":47,"column":7}},{"start":{},"end":{}}],"line":43}},"s":{"0":6,"1":6,"2":6,"3":6,"4":6,"5":6,"6":5,"7":5,"8":5,"9":5,"10":5,"11":1,"12":4,"13":4,"14":4,"15":4,"16":2,"17":2,"18":2,"19":0,"20":2,"21":1,"22":1,"23":1,"24":1,"25":3,"26":3,"27":0,"28":0},"f":{"0":5},"b":{"0":[1,4],"1":[2,2],"2":[0,2],"3":[1,1],"4":[2,1],"5":[1,0]},"_coverageSchema":"1a1c01bbd47fc00a2c39e90264f33305004495a9","hash":"c8e8b2b2ca569121f03d9357a56f8f3a0e853dca"}
,"C:\\Users\\Dell\\OneDrive\\Desktop\\CLg\\SEM6\\CCP555\\Fragments\\src\\routes\\api\\getFragmentInfo.js": {"path":"C:\\Users\\Dell\\OneDrive\\Desktop\\CLg\\SEM6\\CCP555\\Fragments\\src\\routes\\api\\getFragmentInfo.js","statementMap":{"0":{"start":{"line":1,"column":21},"end":{"line":1,"column":52}},"1":{"start":{"line":2,"column":15},"end":{"line":2,"column":38}},"2":{"start":{"line":6,"column":4},"end":{"line":6,"column":29}},"3":{"start":{"line":8,"column":0},"end":{"line":35,"column":2}},"4":{"start":{"line":9,"column":2},"end":{"line":34,"column":3}},"5":{"start":{"line":10,"column":19},"end":{"line":10,"column":29}},"6":{"start":{"line":11,"column":20},"end":{"line":11,"column":28}},"7":{"start":{"line":13,"column":21},"end":{"line":13,"column":53}},"8":{"start":{"line":15,"column":4},"end":{"line":19,"column":5}},"9":{"start":{"line":16,"column":6},"end":{"line":18,"column":62}},"10":{"start":{"line":21,"column":25},"end":{"line":28,"column":5}},"11":{"start":{"line":30,"column":4},"end":{"line":30,"column":76}},"12":{"start":{"line":32,"column":4},"end":{"line":32,"column":22}},"13":{"start":{"line":33,"column":4},"end":{"line":33,"column":64}}},"fnMap":{"0":{"name":"(anonymous_0)","decl":{"start":{"line":8,"column":17},"end":{"line":8,"column":18}},"loc":{"start":{"line":8,"column":37},"end":{"line":35,"column":1}},"line":8}},"branchMap":{"0":{"loc":{"start":{"line":15,"column":4},"end":{"line":19,"column":5}},"type":"if","locations":[{"start":{"line":15,"column":4},"end":{"line":19,"column":5}},{"start":{},"end":{}}],"line":15}},"s":{"0":6,"1":6,"2":6,"3":6,"4":2,"5":2,"6":2,"7":2,"8":2,"9":1,"10":1,"11":1,"12":0,"13":0},"f":{"0":2},"b":{"0":[1,1]},"_coverageSchema":"1a1c01bbd47fc00a2c39e90264f33305004495a9","hash":"e3e609929c0657bade787fda7048dc271b62b9e3"}
,"C:\\Users\\Dell\\OneDrive\\Desktop\\CLg\\SEM6\\CCP555\\Fragments\\src\\routes\\api\\index.js": {"path":"C:\\Users\\Dell\\OneDrive\\Desktop\\CLg\\SEM6\\CCP555\\Fragments\\src\\routes\\api\\index.js","statementMap":{"0":{"start":{"line":6,"column":16},"end":{"line":6,"column":34}},"1":{"start":{"line":7,"column":20},"end":{"line":7,"column":43}},"2":{"start":{"line":8,"column":21},"end":{"line":8,"column":52}},"3":{"start":{"line":9,"column":25},"end":{"line":9,"column":46}},"4":{"start":{"line":12,"column":15},"end":{"line":12,"column":31}},"5":{"start":{"line":15,"column":0},"end":{"line":15,"column":27}},"6":{"start":{"line":18,"column":0},"end":{"line":18,"column":43}},"7":{"start":{"line":19,"column":0},"end":{"line":19,"column":51}},"8":{"start":{"line":20,"column":0},"end":{"line":20,"column":64}},"9":{"start":{"line":21,"column":0},"end":{"line":21,"column":56}},"10":{"start":{"line":24,"column":16},"end":{"line":35,"column":4}},"11":{"start":{"line":25,"column":2},"end":{"line":35,"column":4}},"12":{"start":{"line":32,"column":23},"end":{"line":32,"column":45}},"13":{"start":{"line":33,"column":6},"end":{"line":33,"column":44}},"14":{"start":{"line":39,"column":0},"end":{"line":39,"column":56}},"15":{"start":{"line":41,"column":0},"end":{"line":41,"column":24}}},"fnMap":{"0":{"name":"(anonymous_0)","decl":{"start":{"line":24,"column":16},"end":{"line":24,"column":17}},"loc":{"start":{"line":25,"column":2},"end":{"line":35,"column":4}},"line":25},"1":{"name":"(anonymous_1)","decl":{"start":{"line":28,"column":10},"end":{"line":28,"column":11}},"loc":{"start":{"line":28,"column":19},"end":{"line":34,"column":5}},"line":28}},"branchMap":{},"s":{"0":6,"1":6,"2":6,"3":6,"4":6,"5":6,"6":6,"7":6,"8":6,"9":6,"10":6,"11":6,"12":4,"13":4,"14":6,"15":6},"f":{"0":6,"1":4},"b":{},"_coverageSchema":"1a1c01bbd47fc00a2c39e90264f33305004495a9","hash":"6c6051d25ab98e5fd0682e55512436731703452d"}
,"C:\\Users\\Dell\\OneDrive\\Desktop\\CLg\\SEM6\\CCP555\\Fragments\\src\\routes\\api\\post.js": {"path":"C:\\Users\\Dell\\OneDrive\\Desktop\\CLg\\SEM6\\CCP555\\Fragments\\src\\routes\\api\\post.js","statementMap":{"0":{"start":{"line":1,"column":20},"end":{"line":1,"column":43}},"1":{"start":{"line":2,"column":21},"end":{"line":2,"column":52}},"2":{"start":{"line":3,"column":15},"end":{"line":3,"column":38}},"3":{"start":{"line":4,"column":32},"end":{"line":4,"column":57}},"4":{"start":{"line":6,"column":0},"end":{"line":67,"column":2}},"5":{"start":{"line":7,"column":2},"end":{"line":66,"column":3}},"6":{"start":{"line":8,"column":21},"end":{"line":8,"column":67}},"7":{"start":{"line":9,"column":4},"end":{"line":12,"column":5}},"8":{"start":{"line":10,"column":6},"end":{"line":10,"column":55}},"9":{"start":{"line":11,"column":6},"end":{"line":11,"column":50}},"10":{"start":{"line":14,"column":4},"end":{"line":16,"column":5}},"11":{"start":{"line":15,"column":6},"end":{"line":15,"column":55}},"12":{"start":{"line":18,"column":4},"end":{"line":20,"column":5}},"13":{"start":{"line":19,"column":6},"end":{"line":19,"column":45}},"14":{"start":{"line":23,"column":25},"end":{"line":23,"column":51}},"15":{"start":{"line":26,"column":31},"end":{"line":26,"column":65}},"16":{"start":{"line":28,"column":25},"end":{"line":28,"column":62}},"17":{"start":{"line":33,"column":4},"end":{"line":41,"column":6}},"18":{"start":{"line":43,"column":24},"end":{"line":47,"column":6}},"19":{"start":{"line":49,"column":4},"end":{"line":49,"column":29}},"20":{"start":{"line":50,"column":4},"end":{"line":50,"column":40}},"21":{"start":{"line":52,"column":20},"end":{"line":52,"column":71}},"22":{"start":{"line":53,"column":21},"end":{"line":56,"column":16}},"23":{"start":{"line":57,"column":4},"end":{"line":57,"column":40}},"24":{"start":{"line":58,"column":4},"end":{"line":61,"column":7}},"25":{"start":{"line":63,"column":4},"end":{"line":63,"column":60}},"26":{"start":{"line":64,"column":18},"end":{"line":64,"column":55}},"27":{"start":{"line":65,"column":4},"end":{"line":65,"column":32}}},"fnMap":{"0":{"name":"(anonymous_0)","decl":{"start":{"line":6,"column":17},"end":{"line":6,"column":18}},"loc":{"start":{"line":6,"column":37},"end":{"line":67,"column":1}},"line":6}},"branchMap":{"0":{"loc":{"start":{"line":9,"column":4},"end":{"line":12,"column":5}},"type":"if","locations":[{"start":{"line":9,"column":4},"end":{"line":12,"column":5}},{"start":{},"end":{}}],"line":9},"1":{"loc":{"start":{"line":14,"column":4},"end":{"line":16,"column":5}},"type":"if","locations":[{"start":{"line":14,"column":4},"end":{"line":16,"column":5}},{"start":{},"end":{}}],"line":14},"2":{"loc":{"start":{"line":18,"column":4},"end":{"line":20,"column":5}},"type":"if","locations":[{"start":{"line":18,"column":4},"end":{"line":20,"column":5}},{"start":{},"end":{}}],"line":18},"3":{"loc":{"start":{"line":52,"column":20},"end":{"line":52,"column":71}},"type":"binary-expr","locations":[{"start":{"line":52,"column":20},"end":{"line":52,"column":39}},{"start":{"line":52,"column":43},"end":{"line":52,"column":71}}],"line":52}},"s":{"0":6,"1":6,"2":6,"3":6,"4":6,"5":4,"6":4,"7":4,"8":1,"9":1,"10":3,"11":0,"12":3,"13":1,"14":2,"15":2,"16":2,"17":2,"18":2,"19":2,"20":2,"21":2,"22":2,"23":2,"24":2,"25":2,"26":2,"27":2},"f":{"0":4},"b":{"0":[1,3],"1":[0,3],"2":[1,2],"3":[2,2]},"_coverageSchema":"1a1c01bbd47fc00a2c39e90264f33305004495a9","hash":"332828748c312f809b90cfbd4d6a7bc1b9c5539e"}
}
