TN:
SF:package\src\app.js
FN:43,(anonymous_0)
FN:49,(anonymous_1)
FNF:2
FNH:1
FNDA:1,(anonymous_0)
FNDA:0,(anonymous_1)
DA:3,5
DA:4,5
DA:5,5
DA:6,5
DA:8,5
DA:9,5
DA:14,5
DA:15,5
DA:16,5
DA:19,5
DA:22,5
DA:25,5
DA:28,5
DA:31,5
DA:34,5
DA:35,5
DA:40,5
DA:43,5
DA:44,1
DA:49,5
DA:52,0
DA:53,0
DA:56,0
DA:57,0
DA:60,0
DA:64,5
LF:26
LH:21
BRDA:52,0,0,0
BRDA:52,0,1,0
BRDA:53,1,0,0
BRDA:53,1,1,0
BRDA:56,2,0,0
BRDA:56,2,1,0
BRF:6
BRH:0
end_of_record
TN:
SF:package\src\hash.js
FN:22,(anonymous_0)
FNF:1
FNH:1
FNDA:6,(anonymous_0)
DA:16,6
DA:22,6
DA:23,6
LF:3
LH:3
BRF:0
BRH:0
end_of_record
TN:
SF:package\src\logger.js
FNF:0
FNH:0
DA:4,6
DA:7,6
DA:9,0
DA:19,6
LF:4
LH:3
BRDA:4,0,0,6
BRDA:4,0,1,0
BRDA:7,1,0,0
BRDA:7,1,1,6
BRF:4
BRH:2
end_of_record
TN:
SF:package\src\response.js
FN:11,(anonymous_0)
FN:31,(anonymous_1)
FNF:2
FNH:2
FNDA:7,(anonymous_0)
FNDA:9,(anonymous_1)
DA:11,6
DA:12,7
DA:31,6
DA:32,9
LF:4
LH:4
BRF:0
BRH:0
end_of_record
TN:
SF:package\src\auth\auth-middleware.js
FN:11,(anonymous_0)
FN:12,(anonymous_1)
FN:19,callback
FNF:3
FNH:3
FNDA:5,(anonymous_0)
FNDA:9,(anonymous_1)
FNDA:9,callback
DA:1,5
DA:3,5
DA:4,5
DA:5,5
DA:11,5
DA:12,5
DA:21,9
DA:22,0
DA:23,0
DA:27,9
DA:28,6
DA:32,3
DA:33,3
DA:36,3
DA:41,9
LF:15
LH:13
BRDA:21,0,0,0
BRDA:21,0,1,9
BRDA:27,1,0,6
BRDA:27,1,1,3
BRF:4
BRH:3
end_of_record
TN:
SF:package\src\auth\basic-auth.js
FN:16,(anonymous_0)
FN:26,(anonymous_1)
FNF:2
FNH:2
FNDA:5,(anonymous_0)
FNDA:5,(anonymous_1)
DA:6,5
DA:8,5
DA:9,5
DA:12,5
DA:13,0
DA:16,5
DA:19,5
DA:26,5
LF:8
LH:7
BRDA:12,0,0,0
BRDA:12,0,1,5
BRF:2
BRH:1
end_of_record
TN:
SF:package\src\auth\index.js
FNF:0
FNH:0
DA:4,5
DA:5,0
DA:8,5
DA:9,5
DA:13,0
LF:5
LH:3
BRDA:4,0,0,0
BRDA:4,0,1,5
BRDA:4,1,0,5
BRDA:4,1,1,0
BRDA:8,2,0,5
BRDA:8,2,1,0
BRDA:8,3,0,5
BRDA:8,3,1,5
BRF:8
BRH:5
end_of_record
TN:
SF:package\src\model\fragment.js
FN:14,(anonymous_0)
FN:43,(anonymous_1)
FN:50,(anonymous_2)
FN:60,(anonymous_3)
FN:70,(anonymous_4)
FN:79,(anonymous_5)
FN:89,(anonymous_6)
FN:100,(anonymous_7)
FN:118,(anonymous_8)
FN:123,(anonymous_9)
FN:127,(anonymous_10)
FN:131,(anonymous_11)
FNF:12
FNH:12
FNDA:33,(anonymous_0)
FNDA:3,(anonymous_1)
FNDA:1,(anonymous_2)
FNDA:5,(anonymous_3)
FNDA:1,(anonymous_4)
FNDA:16,(anonymous_5)
FNDA:1,(anonymous_6)
FNDA:9,(anonymous_7)
FNDA:4,(anonymous_8)
FNDA:1,(anonymous_9)
FNDA:1,(anonymous_10)
FNDA:39,(anonymous_11)
DA:1,6
DA:2,6
DA:10,6
DA:11,6
DA:22,33
DA:23,3
DA:24,3
DA:26,30
DA:27,2
DA:28,2
DA:30,28
DA:31,1
DA:32,1
DA:35,27
DA:36,27
DA:37,27
DA:38,27
DA:39,27
DA:40,27
DA:44,3
DA:45,3
DA:46,3
DA:47,2
DA:49,1
DA:50,1
DA:53,0
DA:56,0
DA:61,5
DA:62,5
DA:63,5
DA:65,1
DA:66,1
DA:71,1
DA:72,1
DA:74,0
DA:75,0
DA:80,16
DA:81,16
DA:82,16
DA:84,0
DA:85,0
DA:90,1
DA:91,1
DA:93,0
DA:96,0
DA:101,9
DA:102,1
DA:103,1
DA:105,8
DA:106,8
DA:107,8
DA:108,8
DA:109,8
DA:111,0
DA:114,0
DA:119,4
DA:120,4
DA:124,1
DA:128,1
DA:132,39
DA:133,39
DA:137,6
LF:62
LH:52
BRDA:15,0,0,27
BRDA:17,1,0,28
BRDA:18,2,0,28
BRDA:20,3,0,2
BRDA:22,4,0,3
BRDA:22,4,1,30
BRDA:22,5,0,33
BRDA:22,5,1,31
BRDA:26,6,0,2
BRDA:26,6,1,28
BRDA:26,7,0,30
BRDA:26,7,1,29
BRDA:30,8,0,1
BRDA:30,8,1,27
BRDA:43,9,0,2
BRDA:46,10,0,2
BRDA:46,10,1,1
BRDA:101,11,0,1
BRDA:101,11,1,8
BRF:19
BRH:19
end_of_record
TN:
SF:package\src\model\data\index.js
FNF:0
FNH:0
DA:1,6
LF:1
LH:1
BRF:0
BRH:0
end_of_record
TN:
SF:package\src\model\data\memory\index.js
FN:8,writeFragment
FN:13,readFragment
FN:18,writeFragmentData
FN:23,readFragmentData
FN:28,listFragments
FN:37,(anonymous_5)
FN:41,deleteFragment
FNF:7
FNH:7
FNDA:18,writeFragment
FNDA:7,readFragment
FNDA:10,writeFragmentData
FNDA:3,readFragmentData
FNDA:3,listFragments
FNDA:1,(anonymous_5)
FNDA:1,deleteFragment
DA:1,7
DA:4,7
DA:5,7
DA:9,18
DA:14,7
DA:19,10
DA:24,3
DA:29,3
DA:32,3
DA:33,1
DA:37,2
DA:42,1
DA:51,7
LF:13
LH:13
BRDA:28,0,0,0
BRDA:32,1,0,1
BRDA:32,1,1,2
BRDA:32,2,0,3
BRDA:32,2,1,2
BRF:5
BRH:4
end_of_record
TN:
SF:package\src\model\data\memory\memory-db.js
FN:1,(anonymous_0)
FN:4,(anonymous_1)
FN:15,(anonymous_2)
FN:33,(anonymous_3)
FN:54,(anonymous_4)
FN:73,(anonymous_5)
FNF:6
FNH:6
FNDA:140,(anonymous_0)
FNDA:26,(anonymous_1)
FNDA:22,(anonymous_2)
FNDA:42,(anonymous_3)
FNDA:7,(anonymous_4)
FNDA:7,(anonymous_5)
DA:1,140
DA:6,26
DA:16,22
DA:17,3
DA:22,19
DA:23,19
DA:24,19
DA:34,42
DA:35,3
DA:40,39
DA:42,39
DA:44,39
DA:45,39
DA:55,7
DA:56,2
DA:62,5
DA:63,5
DA:64,5
DA:74,7
DA:75,3
DA:81,4
DA:82,1
DA:87,3
DA:88,3
DA:89,3
DA:93,8
LF:26
LH:26
BRDA:16,0,0,3
BRDA:16,0,1,19
BRDA:16,1,0,22
BRDA:16,1,1,19
BRDA:23,2,0,19
BRDA:23,2,1,18
BRDA:34,3,0,3
BRDA:34,3,1,39
BRDA:34,4,0,42
BRDA:34,4,1,39
BRDA:42,5,0,39
BRDA:42,5,1,19
BRDA:55,6,0,2
BRDA:55,6,1,5
BRDA:63,7,0,3
BRDA:63,7,1,2
BRDA:74,8,0,3
BRDA:74,8,1,4
BRDA:74,9,0,7
BRDA:74,9,1,4
BRDA:81,10,0,1
BRDA:81,10,1,3
BRF:22
BRH:22
end_of_record
TN:
SF:package\src\routes\index.js
FN:26,(anonymous_0)
FNF:1
FNH:1
FNDA:4,(anonymous_0)
DA:3,5
DA:6,5
DA:9,5
DA:12,5
DA:13,5
DA:18,5
DA:26,5
DA:29,4
DA:32,4
DA:39,4
DA:42,5
LF:11
LH:11
BRF:0
BRH:0
end_of_record
TN:
SF:package\src\routes\api\get.js
FN:8,(anonymous_0)
FNF:1
FNH:1
FNDA:1,(anonymous_0)
DA:3,5
DA:8,5
DA:9,1
DA:13,1
LF:4
LH:4
BRF:0
BRH:0
end_of_record
TN:
SF:package\src\routes\api\index.js
FN:17,(anonymous_0)
FN:21,(anonymous_1)
FNF:2
FNH:2
FNDA:5,(anonymous_0)
FNDA:2,(anonymous_1)
DA:6,5
DA:7,5
DA:8,5
DA:11,5
DA:14,5
DA:17,5
DA:18,5
DA:25,2
DA:26,2
DA:32,5
DA:34,5
LF:11
LH:11
BRF:0
BRH:0
end_of_record
TN:
SF:package\src\routes\api\post.js
FN:6,(anonymous_0)
FNF:1
FNH:1
FNDA:2,(anonymous_0)
DA:1,5
DA:2,5
DA:3,5
DA:4,5
DA:6,5
DA:7,2
DA:8,2
DA:9,2
DA:10,1
DA:11,1
DA:14,1
DA:20,1
DA:21,1
DA:23,1
DA:24,1
DA:28,1
DA:29,1
DA:34,1
DA:35,1
DA:36,1
LF:20
LH:20
BRDA:9,0,0,1
BRDA:9,0,1,1
BRDA:23,1,0,1
BRDA:23,1,1,1
BRF:4
BRH:4
end_of_record
TN:
SF:src\app.js
FN:43,(anonymous_0)
FN:49,(anonymous_1)
FNF:2
FNH:1
FNDA:1,(anonymous_0)
FNDA:0,(anonymous_1)
DA:3,6
DA:4,6
DA:5,6
DA:6,6
DA:8,6
DA:9,6
DA:14,6
DA:15,6
DA:16,6
DA:19,6
DA:22,6
DA:25,6
DA:28,6
DA:31,6
DA:34,6
DA:35,6
DA:40,6
DA:43,6
DA:44,1
DA:49,6
DA:52,0
DA:53,0
DA:56,0
DA:57,0
DA:60,0
DA:64,6
LF:26
LH:21
BRDA:52,0,0,0
BRDA:52,0,1,0
BRDA:53,1,0,0
BRDA:53,1,1,0
BRDA:56,2,0,0
BRDA:56,2,1,0
BRF:6
BRH:0
end_of_record
TN:
SF:src\hash.js
FN:22,(anonymous_0)
FNF:1
FNH:1
FNDA:29,(anonymous_0)
DA:16,7
DA:22,7
DA:23,29
LF:3
LH:3
BRF:0
BRH:0
end_of_record
TN:
SF:src\logger.js
FNF:0
FNH:0
DA:4,7
DA:7,7
DA:9,0
DA:19,7
LF:4
LH:3
BRDA:4,0,0,7
BRDA:4,0,1,0
BRDA:7,1,0,0
BRDA:7,1,1,7
BRF:4
BRH:2
end_of_record
TN:
SF:src\response.js
FN:11,(anonymous_0)
FN:31,(anonymous_1)
FNF:2
FNH:2
FNDA:9,(anonymous_0)
FNDA:15,(anonymous_1)
DA:11,7
DA:12,9
DA:31,7
DA:32,15
LF:4
LH:4
BRF:0
BRH:0
end_of_record
TN:
SF:src\auth\auth-middleware.js
FN:11,(anonymous_0)
FN:12,(anonymous_1)
FN:20,callback
FNF:3
FNH:3
FNDA:12,(anonymous_0)
FNDA:34,(anonymous_1)
FNDA:34,callback
DA:1,6
DA:3,6
DA:4,6
DA:5,6
DA:11,6
DA:12,12
DA:22,34
DA:23,0
DA:24,0
DA:27,34
DA:28,34
DA:29,34
DA:30,34
DA:31,34
DA:32,34
DA:36,34
DA:41,34
DA:42,8
DA:43,8
DA:47,26
DA:48,26
DA:51,26
DA:56,34
LF:23
LH:21
BRDA:22,0,0,0
BRDA:22,0,1,34
BRDA:30,1,0,34
BRDA:30,1,1,4
BRDA:31,2,0,34
BRDA:31,2,1,4
BRDA:41,3,0,8
BRDA:41,3,1,26
BRF:8
BRH:7
end_of_record
TN:
SF:src\auth\basic-auth.js
FN:17,(anonymous_0)
FN:27,(anonymous_1)
FNF:2
FNH:2
FNDA:6,(anonymous_0)
FNDA:12,(anonymous_1)
DA:6,6
DA:8,6
DA:9,6
DA:10,6
DA:11,6
DA:13,6
DA:14,0
DA:17,6
DA:20,6
DA:27,12
LF:10
LH:9
BRDA:13,0,0,0
BRDA:13,0,1,6
BRF:2
BRH:1
end_of_record
TN:
SF:src\auth\index.js
FNF:0
FNH:0
DA:4,6
DA:5,0
DA:8,6
DA:9,6
DA:13,0
LF:5
LH:3
BRDA:4,0,0,0
BRDA:4,0,1,6
BRDA:4,1,0,6
BRDA:4,1,1,0
BRDA:8,2,0,6
BRDA:8,2,1,0
BRDA:8,3,0,6
BRDA:8,3,1,6
BRF:8
BRH:5
end_of_record
TN:
SF:src\model\fragment.js
FN:14,(anonymous_0)
FN:60,(anonymous_1)
FN:69,(anonymous_2)
FN:78,(anonymous_3)
FN:88,(anonymous_4)
FN:97,(anonymous_5)
FN:107,(anonymous_6)
FN:118,(anonymous_7)
FN:136,(anonymous_8)
FN:141,(anonymous_9)
FN:145,(anonymous_10)
FN:149,(anonymous_11)
FNF:12
FNH:12
FNDA:34,(anonymous_0)
FNDA:4,(anonymous_1)
FNDA:1,(anonymous_2)
FNDA:5,(anonymous_3)
FNDA:1,(anonymous_4)
FNDA:18,(anonymous_5)
FNDA:1,(anonymous_6)
FNDA:10,(anonymous_7)
FNDA:4,(anonymous_8)
FNDA:1,(anonymous_9)
FNDA:1,(anonymous_10)
FNDA:44,(anonymous_11)
DA:1,7
DA:2,7
DA:10,7
DA:11,7
DA:22,34
DA:23,3
DA:24,3
DA:26,31
DA:27,2
DA:28,2
DA:30,29
DA:31,1
DA:32,1
DA:35,28
DA:36,28
DA:37,28
DA:38,28
DA:39,28
DA:40,28
DA:61,4
DA:62,4
DA:63,4
DA:64,2
DA:66,2
DA:67,1
DA:69,1
DA:71,0
DA:74,0
DA:79,5
DA:80,5
DA:81,5
DA:83,1
DA:84,1
DA:89,1
DA:90,1
DA:92,0
DA:93,0
DA:98,18
DA:99,18
DA:100,18
DA:102,0
DA:103,0
DA:108,1
DA:109,1
DA:111,0
DA:114,0
DA:119,10
DA:120,1
DA:121,1
DA:123,9
DA:124,9
DA:125,9
DA:126,9
DA:127,9
DA:129,0
DA:132,0
DA:137,4
DA:138,4
DA:142,1
DA:146,1
DA:150,44
DA:151,44
DA:152,44
DA:156,7
LF:64
LH:54
BRDA:15,0,0,28
BRDA:17,1,0,29
BRDA:18,2,0,29
BRDA:20,3,0,2
BRDA:22,4,0,3
BRDA:22,4,1,31
BRDA:22,5,0,34
BRDA:22,5,1,32
BRDA:26,6,0,2
BRDA:26,6,1,29
BRDA:26,7,0,31
BRDA:26,7,1,30
BRDA:30,8,0,1
BRDA:30,8,1,28
BRDA:60,9,0,2
BRDA:63,10,0,2
BRDA:63,10,1,2
BRDA:66,11,0,1
BRDA:66,11,1,1
BRDA:119,12,0,1
BRDA:119,12,1,9
BRDA:152,13,0,44
BRDA:152,13,1,7
BRF:23
BRH:23
end_of_record
TN:
SF:src\model\data\index.js
FNF:0
FNH:0
DA:1,7
LF:1
LH:1
BRF:0
BRH:0
end_of_record
TN:
SF:src\model\data\memory\index.js
FN:8,writeFragment
FN:13,readFragment
FN:18,writeFragmentData
FN:23,readFragmentData
FN:40,listFragments
FN:48,(anonymous_5)
FN:53,(anonymous_6)
FN:54,(anonymous_7)
FN:58,deleteFragment
FNF:9
FNH:9
FNDA:20,writeFragment
FNDA:7,readFragment
FNDA:11,writeFragmentData
FNDA:3,readFragmentData
FNDA:4,listFragments
FNDA:1,(anonymous_5)
FNDA:1,(anonymous_6)
FNDA:1,(anonymous_7)
FNDA:1,deleteFragment
DA:1,8
DA:4,8
DA:5,8
DA:9,20
DA:14,7
DA:19,11
DA:24,3
DA:41,4
DA:43,4
DA:44,2
DA:47,2
DA:48,1
DA:52,1
DA:53,1
DA:54,1
DA:59,1
DA:67,8
LF:17
LH:17
BRDA:40,0,0,0
BRDA:43,1,0,2
BRDA:43,1,1,2
BRDA:43,2,0,4
BRDA:43,2,1,4
BRDA:47,3,0,1
BRDA:47,3,1,1
BRF:7
BRH:6
end_of_record
TN:
SF:src\model\data\memory\memory-db.js
FN:1,(anonymous_0)
FN:4,(anonymous_1)
FN:15,(anonymous_2)
FN:33,(anonymous_3)
FN:54,(anonymous_4)
FN:73,(anonymous_5)
FNF:6
FNH:6
FNDA:147,(anonymous_0)
FNDA:28,(anonymous_1)
FNDA:22,(anonymous_2)
FNDA:45,(anonymous_3)
FNDA:8,(anonymous_4)
FNDA:7,(anonymous_5)
DA:1,147
DA:6,28
DA:16,22
DA:17,3
DA:22,19
DA:23,19
DA:24,19
DA:34,45
DA:35,3
DA:40,42
DA:42,42
DA:44,42
DA:45,42
DA:55,8
DA:56,2
DA:62,6
DA:63,6
DA:64,6
DA:74,7
DA:75,3
DA:81,4
DA:82,1
DA:87,3
DA:88,3
DA:89,3
DA:93,9
LF:26
LH:26
BRDA:16,0,0,3
BRDA:16,0,1,19
BRDA:16,1,0,22
BRDA:16,1,1,19
BRDA:23,2,0,19
BRDA:23,2,1,18
BRDA:34,3,0,3
BRDA:34,3,1,42
BRDA:34,4,0,45
BRDA:34,4,1,42
BRDA:42,5,0,42
BRDA:42,5,1,19
BRDA:55,6,0,2
BRDA:55,6,1,6
BRDA:63,7,0,3
BRDA:63,7,1,3
BRDA:74,8,0,3
BRDA:74,8,1,4
BRDA:74,9,0,7
BRDA:74,9,1,4
BRDA:81,10,0,1
BRDA:81,10,1,3
BRF:22
BRH:22
end_of_record
TN:
SF:src\routes\index.js
FN:26,(anonymous_0)
FNF:1
FNH:1
FNDA:4,(anonymous_0)
DA:3,6
DA:6,6
DA:9,6
DA:12,6
DA:13,6
DA:18,6
DA:26,6
DA:29,4
DA:32,4
DA:39,4
DA:42,6
LF:11
LH:11
BRF:0
BRH:0
end_of_record
TN:
SF:src\routes\api\get.js
FN:24,(anonymous_0)
FN:32,(anonymous_1)
FNF:2
FNH:1
FNDA:2,(anonymous_0)
FNDA:0,(anonymous_1)
DA:18,6
DA:22,6
DA:24,6
DA:25,2
DA:26,2
DA:28,2
DA:29,2
DA:31,2
DA:32,1
DA:35,2
DA:41,0
LF:11
LH:10
BRDA:31,0,0,1
BRDA:31,0,1,1
BRF:2
BRH:2
end_of_record
TN:
SF:src\routes\api\getById.js
FN:8,(anonymous_0)
FNF:1
FNH:1
FNDA:5,(anonymous_0)
DA:2,6
DA:3,6
DA:4,6
DA:5,6
DA:6,6
DA:8,6
DA:9,5
DA:10,5
DA:11,5
DA:13,5
DA:15,5
DA:16,1
DA:21,4
DA:22,4
DA:25,4
DA:26,4
DA:27,2
DA:28,2
DA:30,2
DA:31,0
DA:37,2
DA:41,1
DA:42,1
DA:43,1
DA:44,1
DA:50,3
DA:51,3
DA:53,0
DA:54,0
LF:29
LH:26
BRDA:15,0,0,1
BRDA:15,0,1,4
BRDA:26,1,0,2
BRDA:26,1,1,2
BRDA:30,2,0,0
BRDA:30,2,1,2
BRDA:37,3,0,1
BRDA:37,3,1,1
BRDA:38,4,0,2
BRDA:38,4,1,1
BRDA:43,5,0,1
BRDA:43,5,1,0
BRF:12
BRH:10
end_of_record
TN:
SF:src\routes\api\getFragmentInfo.js
FN:8,(anonymous_0)
FNF:1
FNH:1
FNDA:2,(anonymous_0)
DA:1,6
DA:2,6
DA:6,6
DA:8,6
DA:9,2
DA:10,2
DA:11,2
DA:13,2
DA:15,2
DA:16,1
DA:21,1
DA:30,1
DA:32,0
DA:33,0
LF:14
LH:12
BRDA:15,0,0,1
BRDA:15,0,1,1
BRF:2
BRH:2
end_of_record
TN:
SF:src\routes\api\index.js
FN:24,(anonymous_0)
FN:28,(anonymous_1)
FNF:2
FNH:2
FNDA:6,(anonymous_0)
FNDA:4,(anonymous_1)
DA:6,6
DA:7,6
DA:8,6
DA:9,6
DA:12,6
DA:15,6
DA:18,6
DA:19,6
DA:20,6
DA:21,6
DA:24,6
DA:25,6
DA:32,4
DA:33,4
DA:39,6
DA:41,6
LF:16
LH:16
BRF:0
BRH:0
end_of_record
TN:
SF:src\routes\api\post.js
FN:6,(anonymous_0)
FNF:1
FNH:1
FNDA:4,(anonymous_0)
DA:1,6
DA:2,6
DA:3,6
DA:4,6
DA:6,6
DA:7,4
DA:8,4
DA:9,4
DA:10,1
DA:11,1
DA:14,3
DA:15,0
DA:18,3
DA:19,1
DA:23,2
DA:26,2
DA:28,2
DA:33,2
DA:43,2
DA:49,2
DA:50,2
DA:52,2
DA:53,2
DA:57,2
DA:58,2
DA:63,2
DA:64,2
DA:65,2
LF:28
LH:27
BRDA:9,0,0,1
BRDA:9,0,1,3
BRDA:14,1,0,0
BRDA:14,1,1,3
BRDA:18,2,0,1
BRDA:18,2,1,2
BRDA:52,3,0,2
BRDA:52,3,1,2
BRF:8
BRH:7
end_of_record
